This file contains any messages produced by compilers while
running configure, to aid debugging if configure makes a mistake.

It was created by Battle for Wesnoth configure 1.0.2, which was
generated by GNU Autoconf 2.69.  Invocation command line was

  $ ./configure --target=m68k-amigaos --build=x86_64-pc-cygwin --host=m68k-amigaos --prefix=/e/usr/local/amiga/m68k-amigaos CXX=m68k-amigaos-g++ -fomit-frame-pointer -m68040 -ffast-math -O2 -s -noixemul -w CC=m68k-amigaos-gcc -fomit-frame-pointer  -m68040 -ffast-math -O2 -s -noixemul -w

## --------- ##
## Platform. ##
## --------- ##

hostname = DESKTOP-SIGA61O
uname -m = x86_64
uname -r = 3.1.6-340.x86_64
uname -s = MSYS_NT-10.0-18363
uname -v = 2020-08-14 15:42 UTC

/usr/bin/uname -p = unknown
/bin/uname -X     = unknown

/bin/arch              = x86_64
/usr/bin/arch -k       = unknown
/usr/convex/getsysinfo = unknown
/usr/bin/hostinfo      = unknown
/bin/machine           = unknown
/usr/bin/oslevel       = unknown
/bin/universe          = unknown

PATH: /d/amiga-gcc2/m68k-amigaos/include/
PATH: /d/amiga-gcc2/include/
PATH: /d/amiga-gcc2/lib/
PATH: /usr/local/bin
PATH: /usr/bin
PATH: /opt/bin
PATH: /bin
PATH: /e/
PATH: /d/amiga-gcc2/bin
PATH: /d/dev/msys64/mingw64/bin
PATH: /d/amiga-gcc2/m68k-amigaos/bin


## ----------- ##
## Core tests. ##
## ----------- ##

configure:2528: loading site script /etc/config.site
| # This file is in public domain.
| # Original author: Karlson2k (Evgeny Grin)
| # Written for MSys2 to help running 'configure' scripts
| 
| # Use correct config.site even if CONFIG_SITE is not set
| if test "x$MSYSTEM" = "xMINGW64"; then
|   if test -r "${MINGW_PREFIX-/mingw64}/etc/config.site"; then
|     . "${MINGW_PREFIX-/mingw64}/etc/config.site"
|   fi
| elif test "x$MSYSTEM" = "xMINGW32"; then
|   if test -r "${MINGW_PREFIX-/mingw32}/etc/config.site"; then
|     . "${MINGW_PREFIX-/mingw32}/etc/config.site"
|   fi
| elif test "x$MSYSTEM" = "xCLANG64"; then
|   if test -r "${MINGW_PREFIX-/clang64}/etc/config.site"; then
|     . "${MINGW_PREFIX-/clang64}/etc/config.site"
|   fi
| elif test "x$MSYSTEM" = "xCLANG32"; then
|   if test -r "${MINGW_PREFIX-/clang32}/etc/config.site"; then
|     . "${MINGW_PREFIX-/clang32}/etc/config.site"
|   fi
| else
|   # Defaults for MSys2-targeted programs
| 
|   # Set proper selfname on bash and fallback to default name on other shells
|   test -n "${BASH_SOURCE}" 2>/dev/null && config_site_me="${BASH_SOURCE[0]##*/}" || config_site_me=config.site
| 
|   # Set default 'host' to speedup configure
|   if test -z "$build_alias"; then
|     build_alias="${MSYSTEM_CARCH-x86_64}-pc-msys"  && \
|       ${as_echo-echo} "$config_site_me:${as_lineno-$LINENO}: default build_alias set to $build_alias" >&5
|   fi
| 
|   # Set default 'prefix' to "/usr"
|   if ( test -z "$prefix" || test "x$prefix" = "xNONE" ) && \
|      ( test -z "$exec_prefix" || test "x$exec_prefix" = "xNONE" ); then
|     prefix="${MSYSTEM_PREFIX-/usr}" && \
|       ${as_echo-echo} "$config_site_me:${as_lineno-$LINENO}: default prefix set to $prefix" >&5
|   fi
| 
| fi
configure:2669: checking build system type
configure:2683: result: x86_64-pc-cygwin
configure:2703: checking host system type
configure:2716: result: m68k-unknown-amigaos
configure:2736: checking target system type
configure:2749: result: m68k-unknown-amigaos
configure:2791: checking for a BSD-compatible install
configure:2859: result: /usr/bin/install -c
configure:2870: checking whether build environment is sane
configure:2925: result: yes
configure:2963: WARNING: 'missing' script is too old or missing
configure:2984: checking for m68k-amigaos-strip
configure:3000: found /d/amiga-gcc2/bin/m68k-amigaos-strip
configure:3011: result: m68k-amigaos-strip
configure:3076: checking for a thread-safe mkdir -p
configure:3115: result: /usr/bin/mkdir -p
configure:3122: checking for gawk
configure:3138: found /usr/bin/gawk
configure:3149: result: gawk
configure:3160: checking whether make sets $(MAKE)
configure:3182: result: yes
configure:3211: checking whether make supports nested variables
configure:3228: result: yes
configure:3317: checking whether UID '197609' is supported by ustar format
configure:3320: result: yes
configure:3327: checking whether GID '197609' is supported by ustar format
configure:3330: result: yes
configure:3338: checking how to create a ustar tar archive
configure:3349: tar --version
tar (GNU tar) 1.32
Copyright (C) 2019 Free Software Foundation, Inc.
License GPLv3+: GNU GPL version 3 or later <https://gnu.org/licenses/gpl.html>.
This is free software: you are free to change and redistribute it.
There is NO WARRANTY, to the extent permitted by law.

Written by John Gilmore and Jay Fenlason.
configure:3352: $? = 0
configure:3392: tardir=conftest.dir && eval tar --format=ustar -chf - "$tardir" >conftest.tar
configure:3395: $? = 0
configure:3399: tar -xf - <conftest.tar
configure:3402: $? = 0
configure:3404: cat conftest.dir/file
GrepMe
configure:3407: $? = 0
configure:3420: result: gnutar
configure:3485: checking whether NLS is requested
configure:3494: result: yes
configure:3532: checking for msgfmt
configure: trying /usr/bin/msgfmt...
0 translated messages.
configure:3564: result: /usr/bin/msgfmt
configure:3573: checking for gmsgfmt
configure:3604: result: /usr/bin/msgfmt
configure:3644: checking for xgettext
configure: trying /usr/bin/xgettext...
/usr/bin/xgettext: warning: file '/dev/null' extension '' is unknown; will try C
configure:3676: result: /usr/bin/xgettext
configure:3716: checking for msgmerge
configure: trying /usr/bin/msgmerge...
configure:3747: result: /usr/bin/msgmerge
configure:3802: checking whether make supports the include directive
configure:3817: make -f confmf.GNU && cat confinc.out
this is the am__doit target
configure:3820: $? = 0
configure:3839: result: yes (GNU style)
configure:3869: checking for m68k-amigaos-gcc
configure:3896: result: m68k-amigaos-gcc -fomit-frame-pointer  -m68040 -ffast-math -O2 -s -noixemul -w
configure:4165: checking for C compiler version
configure:4174: m68k-amigaos-gcc -fomit-frame-pointer  -m68040 -ffast-math -O2 -s -noixemul -w --version >&5
m68k-amigaos-gcc (GCC) 6.5.0b 200815191133
Copyright (C) 2017 Free Software Foundation, Inc.
This is free software; see the source for copying conditions.  There is NO
warranty; not even for MERCHANTABILITY or FITNESS FOR A PARTICULAR PURPOSE.

configure:4185: $? = 0
configure:4174: m68k-amigaos-gcc -fomit-frame-pointer  -m68040 -ffast-math -O2 -s -noixemul -w -v >&5
Using built-in specs.
COLLECT_GCC=m68k-amigaos-gcc
COLLECT_LTO_WRAPPER=D:/amiga-gcc2/libexec/gcc/m68k-amigaos/6.5.0b/lto-wrapper
Target: m68k-amigaos
Configured with: /c/msys64/home/test/amiga-gcc/projects/gcc/configure --prefix=/opt/amiga --target=m68k-amigaos --enable-languages=c,c++,objc --enable-version-specific-runtime-libs --disable-libssp --disable-nls --with-headers=/c/msys64/home/test/amiga-gcc/projects/newlib-cygwin/newlib/libc/sys/amigaos/include/ --disable-shared --with-stage1-ldflags='-dynamic-libgcc -dynamic-libstdc++' --with-boot-ldflags='-dynamic-libgcc -dynamic-libstdc++'
Thread model: single
gcc version 6.5.0b 200815191133 (GCC) 
configure:4185: $? = 0
configure:4174: m68k-amigaos-gcc -fomit-frame-pointer  -m68040 -ffast-math -O2 -s -noixemul -w -V >&5
m68k-amigaos-gcc: error: unrecognized command line option '-V'
m68k-amigaos-gcc: fatal error: no input files
compilation terminated.
configure:4185: $? = 1
configure:4174: m68k-amigaos-gcc -fomit-frame-pointer  -m68040 -ffast-math -O2 -s -noixemul -w -qversion >&5
m68k-amigaos-gcc: error: unrecognized command line option '-qversion'; did you mean '--version'?
m68k-amigaos-gcc: fatal error: no input files
compilation terminated.
configure:4185: $? = 1
configure:4205: checking whether the C compiler works
configure:4227: m68k-amigaos-gcc -fomit-frame-pointer  -m68040 -ffast-math -O2 -s -noixemul -w    conftest.c  >&5
configure:4231: $? = 0
configure:4279: result: yes
configure:4282: checking for C compiler default output file name
configure:4284: result: a.out
configure:4290: checking for suffix of executables
configure:4297: m68k-amigaos-gcc -fomit-frame-pointer  -m68040 -ffast-math -O2 -s -noixemul -w -o conftest    conftest.c  >&5
configure:4301: $? = 0
configure:4323: result: 
configure:4345: checking whether we are cross compiling
configure:4383: result: yes
configure:4388: checking for suffix of object files
configure:4410: m68k-amigaos-gcc -fomit-frame-pointer  -m68040 -ffast-math -O2 -s -noixemul -w -c   conftest.c >&5
configure:4414: $? = 0
configure:4435: result: o
configure:4439: checking whether we are using the GNU C compiler
configure:4458: m68k-amigaos-gcc -fomit-frame-pointer  -m68040 -ffast-math -O2 -s -noixemul -w -c   conftest.c >&5
configure:4458: $? = 0
configure:4467: result: yes
configure:4476: checking whether m68k-amigaos-gcc -fomit-frame-pointer  -m68040 -ffast-math -O2 -s -noixemul -w accepts -g
configure:4496: m68k-amigaos-gcc -fomit-frame-pointer  -m68040 -ffast-math -O2 -s -noixemul -w -c -g  conftest.c >&5
configure:4496: $? = 0
configure:4537: result: yes
configure:4554: checking for m68k-amigaos-gcc -fomit-frame-pointer  -m68040 -ffast-math -O2 -s -noixemul -w option to accept ISO C89
configure:4617: m68k-amigaos-gcc -fomit-frame-pointer  -m68040 -ffast-math -O2 -s -noixemul -w  -c -g -O2  conftest.c >&5
configure:4617: $? = 0
configure:4630: result: none needed
configure:4655: checking whether m68k-amigaos-gcc -fomit-frame-pointer  -m68040 -ffast-math -O2 -s -noixemul -w understands -c and -o together
configure:4677: m68k-amigaos-gcc -fomit-frame-pointer  -m68040 -ffast-math -O2 -s -noixemul -w -c conftest.c -o conftest2.o
configure:4680: $? = 0
configure:4677: m68k-amigaos-gcc -fomit-frame-pointer  -m68040 -ffast-math -O2 -s -noixemul -w -c conftest.c -o conftest2.o
configure:4680: $? = 0
configure:4692: result: yes
configure:4711: checking dependency style of m68k-amigaos-gcc -fomit-frame-pointer  -m68040 -ffast-math -O2 -s -noixemul -w
configure:4822: result: gcc3
configure:4861: checking for ld used by GCC
configure:4925: result: D:/amiga-gcc2/m68k-amigaos/bin/ld
configure:4932: checking if the linker (D:/amiga-gcc2/m68k-amigaos/bin/ld) is GNU ld
configure:4945: result: yes
configure:4952: checking for shared library run path origin
configure:4965: result: done
configure:5382: checking for CFPreferencesCopyAppValue
configure:5402: m68k-amigaos-gcc -fomit-frame-pointer  -m68040 -ffast-math -O2 -s -noixemul -w -o conftest -g -O2  -I/System/Library/Frameworks/CoreFoundation.framework/Headers  conftest.c  -framework CoreFoundation >&5
m68k-amigaos-gcc: error: CoreFoundation: No such file or directory
m68k-amigaos-gcc: error: unrecognized command line option '-framework'
configure:5402: $? = 1
configure: failed program was:
| /* confdefs.h */
| #define PACKAGE_NAME "Battle for Wesnoth"
| #define PACKAGE_TARNAME "wesnoth"
| #define PACKAGE_VERSION "1.0.2"
| #define PACKAGE_STRING "Battle for Wesnoth 1.0.2"
| #define PACKAGE_BUGREPORT "davidnwhite@verizon.net"
| #define PACKAGE_URL ""
| #define WESNOTH_DEFAULT_SERVER "server.wesnoth.org"
| #define PACKAGE "wesnoth"
| #define VERSION "1.0.2"
| /* end confdefs.h.  */
| #include <CFPreferences.h>
| int
| main ()
| {
| CFPreferencesCopyAppValue(NULL, NULL)
|   ;
|   return 0;
| }
configure:5412: result: no
configure:5419: checking for CFLocaleCopyCurrent
configure:5439: m68k-amigaos-gcc -fomit-frame-pointer  -m68040 -ffast-math -O2 -s -noixemul -w -o conftest -g -O2  -I/System/Library/Frameworks/CoreFoundation.framework/Headers  conftest.c  -framework CoreFoundation >&5
m68k-amigaos-gcc: error: CoreFoundation: No such file or directory
m68k-amigaos-gcc: error: unrecognized command line option '-framework'
configure:5439: $? = 1
configure: failed program was:
| /* confdefs.h */
| #define PACKAGE_NAME "Battle for Wesnoth"
| #define PACKAGE_TARNAME "wesnoth"
| #define PACKAGE_VERSION "1.0.2"
| #define PACKAGE_STRING "Battle for Wesnoth 1.0.2"
| #define PACKAGE_BUGREPORT "davidnwhite@verizon.net"
| #define PACKAGE_URL ""
| #define WESNOTH_DEFAULT_SERVER "server.wesnoth.org"
| #define PACKAGE "wesnoth"
| #define VERSION "1.0.2"
| /* end confdefs.h.  */
| #include <CFLocale.h>
| int
| main ()
| {
| CFLocaleCopyCurrent();
|   ;
|   return 0;
| }
configure:5449: result: no
configure:5464: checking whether NLS is requested
configure:5473: result: yes
configure:5491: checking for GNU gettext in libc
configure:5510: m68k-amigaos-gcc -fomit-frame-pointer  -m68040 -ffast-math -O2 -s -noixemul -w -o conftest -g -O2   conftest.c  >&5
/d/amiga-gcc2/bin/m68k-amigaos-ld: /tmp/cc4xOUY0.o: in function `main':
/d/dev/wesnoth-gcc4/conftest.c:22: undefined reference to `_nl_domain_bindings'
/d/amiga-gcc2/bin/m68k-amigaos-ld: /d/dev/wesnoth-gcc4/conftest.c:18: undefined reference to `libintl_bindtextdomain'
/d/amiga-gcc2/bin/m68k-amigaos-ld: /d/dev/wesnoth-gcc4/conftest.c:19: undefined reference to `libintl_gettext'
/d/amiga-gcc2/bin/m68k-amigaos-ld: /d/dev/wesnoth-gcc4/conftest.c:19: undefined reference to `_nl_msg_cat_cntr'
collect2: error: ld returned 1 exit status
configure:5510: $? = 1
configure: failed program was:
| /* confdefs.h */
| #define PACKAGE_NAME "Battle for Wesnoth"
| #define PACKAGE_TARNAME "wesnoth"
| #define PACKAGE_VERSION "1.0.2"
| #define PACKAGE_STRING "Battle for Wesnoth 1.0.2"
| #define PACKAGE_BUGREPORT "davidnwhite@verizon.net"
| #define PACKAGE_URL ""
| #define WESNOTH_DEFAULT_SERVER "server.wesnoth.org"
| #define PACKAGE "wesnoth"
| #define VERSION "1.0.2"
| /* end confdefs.h.  */
| #include <libintl.h>
| extern int _nl_msg_cat_cntr;
| extern int *_nl_domain_bindings;
| int
| main ()
| {
| bindtextdomain ("", "");
| return * gettext ("") + _nl_msg_cat_cntr + *_nl_domain_bindings
|   ;
|   return 0;
| }
configure:5518: result: no
configure:5552: checking for iconv
configure:5574: m68k-amigaos-gcc -fomit-frame-pointer  -m68040 -ffast-math -O2 -s -noixemul -w -o conftest -g -O2 -I/e/usr/local/amiga/m68k-amigaos/include  conftest.c  >&5
/d/amiga-gcc2/bin/m68k-amigaos-ld: /tmp/ccH7d5VY.o: in function `main':
/d/dev/wesnoth-gcc4/conftest.c:17: undefined reference to `libiconv_open'
/d/amiga-gcc2/bin/m68k-amigaos-ld: /d/dev/wesnoth-gcc4/conftest.c:18: undefined reference to `libiconv'
/d/amiga-gcc2/bin/m68k-amigaos-ld: /d/dev/wesnoth-gcc4/conftest.c:19: undefined reference to `libiconv_close'
collect2: error: ld returned 1 exit status
configure:5574: $? = 1
configure: failed program was:
| /* confdefs.h */
| #define PACKAGE_NAME "Battle for Wesnoth"
| #define PACKAGE_TARNAME "wesnoth"
| #define PACKAGE_VERSION "1.0.2"
| #define PACKAGE_STRING "Battle for Wesnoth 1.0.2"
| #define PACKAGE_BUGREPORT "davidnwhite@verizon.net"
| #define PACKAGE_URL ""
| #define WESNOTH_DEFAULT_SERVER "server.wesnoth.org"
| #define PACKAGE "wesnoth"
| #define VERSION "1.0.2"
| /* end confdefs.h.  */
| #include <stdlib.h>
| #include <iconv.h>
| int
| main ()
| {
| iconv_t cd = iconv_open("","");
|        iconv(cd,NULL,NULL,NULL,NULL);
|        iconv_close(cd);
|   ;
|   return 0;
| }
configure:5596: m68k-amigaos-gcc -fomit-frame-pointer  -m68040 -ffast-math -O2 -s -noixemul -w -o conftest -g -O2 -I/e/usr/local/amiga/m68k-amigaos/include  conftest.c  /e/usr/local/amiga/m68k-amigaos/lib/libiconv.a >&5
configure:5596: $? = 0
configure:5606: result: yes
configure:5614: checking how to link with libiconv
configure:5616: result: /e/usr/local/amiga/m68k-amigaos/lib/libiconv.a
configure:6005: checking for GNU gettext in libintl
configure:6032: m68k-amigaos-gcc -fomit-frame-pointer  -m68040 -ffast-math -O2 -s -noixemul -w -o conftest -g -O2 -I/e/usr/local/amiga/m68k-amigaos/include   conftest.c  /e/usr/local/amiga/m68k-amigaos/lib/libintl.a >&5
/d/amiga-gcc2/bin/m68k-amigaos-ld: /tmp/ccG43tlD.o: in function `main':
/d/dev/wesnoth-gcc4/conftest.c:23: undefined reference to `libintl_bindtextdomain'
/d/amiga-gcc2/bin/m68k-amigaos-ld: /d/dev/wesnoth-gcc4/conftest.c:24: undefined reference to `libintl_gettext'
collect2: error: ld returned 1 exit status
configure:6032: $? = 1
configure: failed program was:
| /* confdefs.h */
| #define PACKAGE_NAME "Battle for Wesnoth"
| #define PACKAGE_TARNAME "wesnoth"
| #define PACKAGE_VERSION "1.0.2"
| #define PACKAGE_STRING "Battle for Wesnoth 1.0.2"
| #define PACKAGE_BUGREPORT "davidnwhite@verizon.net"
| #define PACKAGE_URL ""
| #define WESNOTH_DEFAULT_SERVER "server.wesnoth.org"
| #define PACKAGE "wesnoth"
| #define VERSION "1.0.2"
| #define HAVE_ICONV 1
| /* end confdefs.h.  */
| #include <libintl.h>
| extern int _nl_msg_cat_cntr;
| extern
| #ifdef __cplusplus
| "C"
| #endif
| const char *_nl_expand_alias (const char *);
| int
| main ()
| {
| bindtextdomain ("", "");
| return * gettext ("") + _nl_msg_cat_cntr + *_nl_expand_alias ("")
|   ;
|   return 0;
| }
configure:6059: m68k-amigaos-gcc -fomit-frame-pointer  -m68040 -ffast-math -O2 -s -noixemul -w -o conftest -g -O2 -I/e/usr/local/amiga/m68k-amigaos/include   conftest.c  /e/usr/local/amiga/m68k-amigaos/lib/libintl.a /e/usr/local/amiga/m68k-amigaos/lib/libiconv.a >&5
/d/amiga-gcc2/bin/m68k-amigaos-ld: /tmp/cc7DGUH3.o: in function `main':
/d/dev/wesnoth-gcc4/conftest.c:23: undefined reference to `libintl_bindtextdomain'
/d/amiga-gcc2/bin/m68k-amigaos-ld: /d/dev/wesnoth-gcc4/conftest.c:24: undefined reference to `libintl_gettext'
collect2: error: ld returned 1 exit status
configure:6059: $? = 1
configure: failed program was:
| /* confdefs.h */
| #define PACKAGE_NAME "Battle for Wesnoth"
| #define PACKAGE_TARNAME "wesnoth"
| #define PACKAGE_VERSION "1.0.2"
| #define PACKAGE_STRING "Battle for Wesnoth 1.0.2"
| #define PACKAGE_BUGREPORT "davidnwhite@verizon.net"
| #define PACKAGE_URL ""
| #define WESNOTH_DEFAULT_SERVER "server.wesnoth.org"
| #define PACKAGE "wesnoth"
| #define VERSION "1.0.2"
| #define HAVE_ICONV 1
| /* end confdefs.h.  */
| #include <libintl.h>
| extern int _nl_msg_cat_cntr;
| extern
| #ifdef __cplusplus
| "C"
| #endif
| const char *_nl_expand_alias (const char *);
| int
| main ()
| {
| bindtextdomain ("", "");
| return * gettext ("") + _nl_msg_cat_cntr + *_nl_expand_alias ("")
|   ;
|   return 0;
| }
configure:6071: result: no
configure:6106: checking whether to use NLS
configure:6108: result: no
configure:6182: checking for m68k-amigaos-ranlib
configure:6198: found /d/amiga-gcc2/bin/m68k-amigaos-ranlib
configure:6209: result: m68k-amigaos-ranlib
configure:6738: checking for C++ compiler version
configure:6747: m68k-amigaos-g++ -fomit-frame-pointer -m68040 -ffast-math -O2 -s -noixemul -w --version >&5
m68k-amigaos-g++ (GCC) 6.5.0b 200815191133
Copyright (C) 2017 Free Software Foundation, Inc.
This is free software; see the source for copying conditions.  There is NO
warranty; not even for MERCHANTABILITY or FITNESS FOR A PARTICULAR PURPOSE.

configure:6758: $? = 0
configure:6747: m68k-amigaos-g++ -fomit-frame-pointer -m68040 -ffast-math -O2 -s -noixemul -w -v >&5
Using built-in specs.
COLLECT_GCC=m68k-amigaos-g++
COLLECT_LTO_WRAPPER=D:/amiga-gcc2/libexec/gcc/m68k-amigaos/6.5.0b/lto-wrapper
Target: m68k-amigaos
Configured with: /c/msys64/home/test/amiga-gcc/projects/gcc/configure --prefix=/opt/amiga --target=m68k-amigaos --enable-languages=c,c++,objc --enable-version-specific-runtime-libs --disable-libssp --disable-nls --with-headers=/c/msys64/home/test/amiga-gcc/projects/newlib-cygwin/newlib/libc/sys/amigaos/include/ --disable-shared --with-stage1-ldflags='-dynamic-libgcc -dynamic-libstdc++' --with-boot-ldflags='-dynamic-libgcc -dynamic-libstdc++'
Thread model: single
gcc version 6.5.0b 200815191133 (GCC) 
configure:6758: $? = 0
configure:6747: m68k-amigaos-g++ -fomit-frame-pointer -m68040 -ffast-math -O2 -s -noixemul -w -V >&5
m68k-amigaos-g++: error: unrecognized command line option '-V'
m68k-amigaos-g++: fatal error: no input files
compilation terminated.
configure:6758: $? = 1
configure:6747: m68k-amigaos-g++ -fomit-frame-pointer -m68040 -ffast-math -O2 -s -noixemul -w -qversion >&5
m68k-amigaos-g++: error: unrecognized command line option '-qversion'; did you mean '--version'?
m68k-amigaos-g++: fatal error: no input files
compilation terminated.
configure:6758: $? = 1
configure:6762: checking whether we are using the GNU C++ compiler
configure:6781: m68k-amigaos-g++ -fomit-frame-pointer -m68040 -ffast-math -O2 -s -noixemul -w -c   -W -Wall -ansi  -I/e/usr/local/amiga/m68k-amigaos/include conftest.cpp >&5
configure:6781: $? = 0
configure:6790: result: yes
configure:6799: checking whether m68k-amigaos-g++ -fomit-frame-pointer -m68040 -ffast-math -O2 -s -noixemul -w accepts -g
configure:6819: m68k-amigaos-g++ -fomit-frame-pointer -m68040 -ffast-math -O2 -s -noixemul -w -c -g -I/e/usr/local/amiga/m68k-amigaos/include conftest.cpp >&5
configure:6819: $? = 0
configure:6860: result: yes
configure:6885: checking dependency style of m68k-amigaos-g++ -fomit-frame-pointer -m68040 -ffast-math -O2 -s -noixemul -w
configure:6996: result: gcc3
configure:7019: checking for m68k-amigaos-gcc
configure:7046: result: m68k-amigaos-gcc -fomit-frame-pointer  -m68040 -ffast-math -O2 -s -noixemul -w
configure:7315: checking for C compiler version
configure:7324: m68k-amigaos-gcc -fomit-frame-pointer  -m68040 -ffast-math -O2 -s -noixemul -w --version >&5
m68k-amigaos-gcc (GCC) 6.5.0b 200815191133
Copyright (C) 2017 Free Software Foundation, Inc.
This is free software; see the source for copying conditions.  There is NO
warranty; not even for MERCHANTABILITY or FITNESS FOR A PARTICULAR PURPOSE.

configure:7335: $? = 0
configure:7324: m68k-amigaos-gcc -fomit-frame-pointer  -m68040 -ffast-math -O2 -s -noixemul -w -v >&5
Using built-in specs.
COLLECT_GCC=m68k-amigaos-gcc
COLLECT_LTO_WRAPPER=D:/amiga-gcc2/libexec/gcc/m68k-amigaos/6.5.0b/lto-wrapper
Target: m68k-amigaos
Configured with: /c/msys64/home/test/amiga-gcc/projects/gcc/configure --prefix=/opt/amiga --target=m68k-amigaos --enable-languages=c,c++,objc --enable-version-specific-runtime-libs --disable-libssp --disable-nls --with-headers=/c/msys64/home/test/amiga-gcc/projects/newlib-cygwin/newlib/libc/sys/amigaos/include/ --disable-shared --with-stage1-ldflags='-dynamic-libgcc -dynamic-libstdc++' --with-boot-ldflags='-dynamic-libgcc -dynamic-libstdc++'
Thread model: single
gcc version 6.5.0b 200815191133 (GCC) 
configure:7335: $? = 0
configure:7324: m68k-amigaos-gcc -fomit-frame-pointer  -m68040 -ffast-math -O2 -s -noixemul -w -V >&5
m68k-amigaos-gcc: error: unrecognized command line option '-V'
m68k-amigaos-gcc: fatal error: no input files
compilation terminated.
configure:7335: $? = 1
configure:7324: m68k-amigaos-gcc -fomit-frame-pointer  -m68040 -ffast-math -O2 -s -noixemul -w -qversion >&5
m68k-amigaos-gcc: error: unrecognized command line option '-qversion'; did you mean '--version'?
m68k-amigaos-gcc: fatal error: no input files
compilation terminated.
configure:7335: $? = 1
configure:7339: checking whether we are using the GNU C compiler
configure:7367: result: yes
configure:7376: checking whether m68k-amigaos-gcc -fomit-frame-pointer  -m68040 -ffast-math -O2 -s -noixemul -w accepts -g
configure:7437: result: yes
configure:7454: checking for m68k-amigaos-gcc -fomit-frame-pointer  -m68040 -ffast-math -O2 -s -noixemul -w option to accept ISO C89
configure:7530: result: none needed
configure:7555: checking whether m68k-amigaos-gcc -fomit-frame-pointer  -m68040 -ffast-math -O2 -s -noixemul -w understands -c and -o together
configure:7592: result: yes
configure:7611: checking dependency style of m68k-amigaos-gcc -fomit-frame-pointer  -m68040 -ffast-math -O2 -s -noixemul -w
configure:7722: result: gcc3
configure:7748: checking how to run the C preprocessor
configure:7779: m68k-amigaos-gcc -fomit-frame-pointer  -m68040 -ffast-math -O2 -s -noixemul -w -E -I/e/usr/local/amiga/m68k-amigaos/include conftest.c
configure:7779: $? = 0
configure:7793: m68k-amigaos-gcc -fomit-frame-pointer  -m68040 -ffast-math -O2 -s -noixemul -w -E -I/e/usr/local/amiga/m68k-amigaos/include conftest.c
conftest.c:13:28: fatal error: ac_nonexistent.h: No such file or directory
 #include <ac_nonexistent.h>
                            ^
compilation terminated.
configure:7793: $? = 1
configure: failed program was:
| /* confdefs.h */
| #define PACKAGE_NAME "Battle for Wesnoth"
| #define PACKAGE_TARNAME "wesnoth"
| #define PACKAGE_VERSION "1.0.2"
| #define PACKAGE_STRING "Battle for Wesnoth 1.0.2"
| #define PACKAGE_BUGREPORT "davidnwhite@verizon.net"
| #define PACKAGE_URL ""
| #define WESNOTH_DEFAULT_SERVER "server.wesnoth.org"
| #define PACKAGE "wesnoth"
| #define VERSION "1.0.2"
| #define HAVE_ICONV 1
| /* end confdefs.h.  */
| #include <ac_nonexistent.h>
configure:7818: result: m68k-amigaos-gcc -fomit-frame-pointer  -m68040 -ffast-math -O2 -s -noixemul -w -E
configure:7838: m68k-amigaos-gcc -fomit-frame-pointer  -m68040 -ffast-math -O2 -s -noixemul -w -E -I/e/usr/local/amiga/m68k-amigaos/include conftest.c
configure:7838: $? = 0
configure:7852: m68k-amigaos-gcc -fomit-frame-pointer  -m68040 -ffast-math -O2 -s -noixemul -w -E -I/e/usr/local/amiga/m68k-amigaos/include conftest.c
conftest.c:13:28: fatal error: ac_nonexistent.h: No such file or directory
 #include <ac_nonexistent.h>
                            ^
compilation terminated.
configure:7852: $? = 1
configure: failed program was:
| /* confdefs.h */
| #define PACKAGE_NAME "Battle for Wesnoth"
| #define PACKAGE_TARNAME "wesnoth"
| #define PACKAGE_VERSION "1.0.2"
| #define PACKAGE_STRING "Battle for Wesnoth 1.0.2"
| #define PACKAGE_BUGREPORT "davidnwhite@verizon.net"
| #define PACKAGE_URL ""
| #define WESNOTH_DEFAULT_SERVER "server.wesnoth.org"
| #define PACKAGE "wesnoth"
| #define VERSION "1.0.2"
| #define HAVE_ICONV 1
| /* end confdefs.h.  */
| #include <ac_nonexistent.h>
configure:7881: checking for X
configure:7989: m68k-amigaos-gcc -fomit-frame-pointer  -m68040 -ffast-math -O2 -s -noixemul -w -E -I/e/usr/local/amiga/m68k-amigaos/include conftest.c
configure:7989: $? = 0
configure:8020: m68k-amigaos-gcc -fomit-frame-pointer  -m68040 -ffast-math -O2 -s -noixemul -w -o conftest -g -O2 -I/e/usr/local/amiga/m68k-amigaos/include  conftest.c -lX11  >&5
/d/amiga-gcc2/bin/m68k-amigaos-ld: cannot find -lX11
collect2: error: ld returned 1 exit status
configure:8020: $? = 1
configure: failed program was:
| /* confdefs.h */
| #define PACKAGE_NAME "Battle for Wesnoth"
| #define PACKAGE_TARNAME "wesnoth"
| #define PACKAGE_VERSION "1.0.2"
| #define PACKAGE_STRING "Battle for Wesnoth 1.0.2"
| #define PACKAGE_BUGREPORT "davidnwhite@verizon.net"
| #define PACKAGE_URL ""
| #define WESNOTH_DEFAULT_SERVER "server.wesnoth.org"
| #define PACKAGE "wesnoth"
| #define VERSION "1.0.2"
| #define HAVE_ICONV 1
| /* end confdefs.h.  */
| #include <X11/Xlib.h>
| int
| main ()
| {
| XrmInitialize ()
|   ;
|   return 0;
| }
configure:8059: result: no
configure:8566: checking for XOpenDisplay in -lX11
configure:8591: m68k-amigaos-gcc -fomit-frame-pointer  -m68040 -ffast-math -O2 -s -noixemul -w -o conftest -g -O2 -I/e/usr/local/amiga/m68k-amigaos/include  conftest.c -lX11   >&5
/d/amiga-gcc2/bin/m68k-amigaos-ld: cannot find -lX11
collect2: error: ld returned 1 exit status
configure:8591: $? = 1
configure: failed program was:
| /* confdefs.h */
| #define PACKAGE_NAME "Battle for Wesnoth"
| #define PACKAGE_TARNAME "wesnoth"
| #define PACKAGE_VERSION "1.0.2"
| #define PACKAGE_STRING "Battle for Wesnoth 1.0.2"
| #define PACKAGE_BUGREPORT "davidnwhite@verizon.net"
| #define PACKAGE_URL ""
| #define WESNOTH_DEFAULT_SERVER "server.wesnoth.org"
| #define PACKAGE "wesnoth"
| #define VERSION "1.0.2"
| #define HAVE_ICONV 1
| #define X_DISPLAY_MISSING 1
| /* end confdefs.h.  */
| 
| /* Override any GCC internal prototype to avoid an error.
|    Use char because int might match the return type of a GCC
|    builtin and then its argument prototype would still apply.  */
| #ifdef __cplusplus
| extern "C"
| #endif
| char XOpenDisplay ();
| int
| main ()
| {
| return XOpenDisplay ();
|   ;
|   return 0;
| }
configure:8600: result: no
configure:8633: checking for sdl-config
configure:8651: found /d/amiga-gcc2/m68k-amigaos/bin/sdl-config
configure:8663: result: /d/amiga-gcc2/m68k-amigaos/bin/sdl-config
configure:8691: checking for libpng-config
configure:8709: found /d/dev/msys64/mingw64/bin/libpng-config
configure:8721: result: /d/dev/msys64/mingw64/bin/libpng-config
configure:8813: checking for SDL - version >= 1.2.7
configure:8836: result: not tested in cross-compiling
configure:8924: checking for gnome-config
configure:8957: result: no
configure:8983: checking for kde-config
configure:9016: result: no
configure:9070: checking for libtool
configure:9088: found /usr/bin/libtool
configure:9100: result: /usr/bin/libtool
configure:9140: checking for IMG_Load in -lSDL_image
configure:9165:  m68k-amigaos-gcc -fomit-frame-pointer  -m68040 -ffast-math -O2 -s -noixemul -w -o conftest -g -O2 -I/e/usr/local/amiga/m68k-amigaos/include  conftest.c -lSDL_image   -L/d/amiga-gcc2/lib -L/d/amiga-gcc2/lib/ogg/new -lSDL_Mixer -lvorbisfile -lvorbis -logg -lsdl_image -ljpeg -lpng -lz -lm -lSDL -lsocket -lintl -ldebug >&5
configure:9165: $? = 0
configure:9174: result: yes
configure:9187: checking for Mix_OpenAudio in -lSDL_mixer
configure:9212:  m68k-amigaos-gcc -fomit-frame-pointer  -m68040 -ffast-math -O2 -s -noixemul -w -o conftest -g -O2 -I/e/usr/local/amiga/m68k-amigaos/include  conftest.c -lSDL_mixer   -L/d/amiga-gcc2/lib -L/d/amiga-gcc2/lib/ogg/new -lSDL_Mixer -lvorbisfile -lvorbis -logg -lsdl_image -ljpeg -lpng -lz -lm -lSDL -lsocket -lintl -ldebug >&5
configure:9212: $? = 0
configure:9221: result: yes
configure:9234: checking for SDLNet_Init in -lSDL_net
configure:9259:  m68k-amigaos-gcc -fomit-frame-pointer  -m68040 -ffast-math -O2 -s -noixemul -w -o conftest -g -O2 -I/e/usr/local/amiga/m68k-amigaos/include  conftest.c -lSDL_net   -L/d/amiga-gcc2/lib -L/d/amiga-gcc2/lib/ogg/new -lSDL_Mixer -lvorbisfile -lvorbis -logg -lsdl_image -ljpeg -lpng -lz -lm -lSDL -lsocket -lintl -ldebug >&5
configure:9259: $? = 0
configure:9268: result: yes
configure:9292: checking for pkg-config
configure:9310: found /usr/bin/pkg-config
configure:9323: result: /usr/bin/pkg-config
configure:9335: checking for freetype2
configure:9343: result: yes
configure:9368: checking for libzipios++
configure:9383: m68k-amigaos-g++ -fomit-frame-pointer -m68040 -ffast-math -O2 -s -noixemul -w -o conftest   -W -Wall -ansi  -I/e/usr/local/amiga/m68k-amigaos/include -I/d/amiga-gcc2/include/freetype2 -I/opt/netsurf/m68k-unknown-amigaos/env/include/libpng16 -I/opt/netsurf/m68k-unknown-amigaos/env/include  conftest.cpp -lzipios -lz >&5
conftest.cpp:15:31: fatal error: zipios++/dircoll.h: No such file or directory
  #include <zipios++/dircoll.h>
                               ^
compilation terminated.
configure:9383: $? = 1
configure: failed program was:
| /* confdefs.h */
| #define PACKAGE_NAME "Battle for Wesnoth"
| #define PACKAGE_TARNAME "wesnoth"
| #define PACKAGE_VERSION "1.0.2"
| #define PACKAGE_STRING "Battle for Wesnoth 1.0.2"
| #define PACKAGE_BUGREPORT "davidnwhite@verizon.net"
| #define PACKAGE_URL ""
| #define WESNOTH_DEFAULT_SERVER "server.wesnoth.org"
| #define PACKAGE "wesnoth"
| #define VERSION "1.0.2"
| #define HAVE_ICONV 1
| #define X_DISPLAY_MISSING 1
| /* end confdefs.h.  */
| 
| 	#include <zipios++/dircoll.h>
| 	int main(int argc, char **argv)
| 	{
| 		zipios::DirectoryCollection z("src");
| 	}
| 
configure:9391: result: no
configure:9393: WARNING: *** libzipios++ not found - support for ZIP files is disabled
configure:9412: checking for dirent.h that defines DIR
configure:9431: m68k-amigaos-g++ -fomit-frame-pointer -m68040 -ffast-math -O2 -s -noixemul -w -c   -W -Wall -ansi  -I/e/usr/local/amiga/m68k-amigaos/include -I/d/amiga-gcc2/include/freetype2 -I/opt/netsurf/m68k-unknown-amigaos/env/include/libpng16 -I/opt/netsurf/m68k-unknown-amigaos/env/include conftest.cpp >&5
configure:9431: $? = 0
configure:9439: result: yes
configure:9452: checking for library containing opendir
configure:9483: m68k-amigaos-g++ -fomit-frame-pointer -m68040 -ffast-math -O2 -s -noixemul -w -o conftest   -W -Wall -ansi  -I/e/usr/local/amiga/m68k-amigaos/include -I/d/amiga-gcc2/include/freetype2 -I/opt/netsurf/m68k-unknown-amigaos/env/include/libpng16 -I/opt/netsurf/m68k-unknown-amigaos/env/include  conftest.cpp  >&5
configure:9483: $? = 0
configure:9500: result: none required
configure:9572: checking how to run the C++ preprocessor
configure:9599: m68k-amigaos-g++ -fomit-frame-pointer -m68040 -ffast-math -O2 -s -noixemul -w -E -I/e/usr/local/amiga/m68k-amigaos/include -I/d/amiga-gcc2/include/freetype2 -I/opt/netsurf/m68k-unknown-amigaos/env/include/libpng16 -I/opt/netsurf/m68k-unknown-amigaos/env/include conftest.cpp
configure:9599: $? = 0
configure:9613: m68k-amigaos-g++ -fomit-frame-pointer -m68040 -ffast-math -O2 -s -noixemul -w -E -I/e/usr/local/amiga/m68k-amigaos/include -I/d/amiga-gcc2/include/freetype2 -I/opt/netsurf/m68k-unknown-amigaos/env/include/libpng16 -I/opt/netsurf/m68k-unknown-amigaos/env/include conftest.cpp
conftest.cpp:15:28: fatal error: ac_nonexistent.h: No such file or directory
 #include <ac_nonexistent.h>
                            ^
compilation terminated.
configure:9613: $? = 1
configure: failed program was:
| /* confdefs.h */
| #define PACKAGE_NAME "Battle for Wesnoth"
| #define PACKAGE_TARNAME "wesnoth"
| #define PACKAGE_VERSION "1.0.2"
| #define PACKAGE_STRING "Battle for Wesnoth 1.0.2"
| #define PACKAGE_BUGREPORT "davidnwhite@verizon.net"
| #define PACKAGE_URL ""
| #define WESNOTH_DEFAULT_SERVER "server.wesnoth.org"
| #define PACKAGE "wesnoth"
| #define VERSION "1.0.2"
| #define HAVE_ICONV 1
| #define X_DISPLAY_MISSING 1
| #define HAVE_DIRENT_H 1
| /* end confdefs.h.  */
| #include <ac_nonexistent.h>
configure:9638: result: m68k-amigaos-g++ -fomit-frame-pointer -m68040 -ffast-math -O2 -s -noixemul -w -E
configure:9658: m68k-amigaos-g++ -fomit-frame-pointer -m68040 -ffast-math -O2 -s -noixemul -w -E -I/e/usr/local/amiga/m68k-amigaos/include -I/d/amiga-gcc2/include/freetype2 -I/opt/netsurf/m68k-unknown-amigaos/env/include/libpng16 -I/opt/netsurf/m68k-unknown-amigaos/env/include conftest.cpp
configure:9658: $? = 0
configure:9672: m68k-amigaos-g++ -fomit-frame-pointer -m68040 -ffast-math -O2 -s -noixemul -w -E -I/e/usr/local/amiga/m68k-amigaos/include -I/d/amiga-gcc2/include/freetype2 -I/opt/netsurf/m68k-unknown-amigaos/env/include/libpng16 -I/opt/netsurf/m68k-unknown-amigaos/env/include conftest.cpp
conftest.cpp:15:28: fatal error: ac_nonexistent.h: No such file or directory
 #include <ac_nonexistent.h>
                            ^
compilation terminated.
configure:9672: $? = 1
configure: failed program was:
| /* confdefs.h */
| #define PACKAGE_NAME "Battle for Wesnoth"
| #define PACKAGE_TARNAME "wesnoth"
| #define PACKAGE_VERSION "1.0.2"
| #define PACKAGE_STRING "Battle for Wesnoth 1.0.2"
| #define PACKAGE_BUGREPORT "davidnwhite@verizon.net"
| #define PACKAGE_URL ""
| #define WESNOTH_DEFAULT_SERVER "server.wesnoth.org"
| #define PACKAGE "wesnoth"
| #define VERSION "1.0.2"
| #define HAVE_ICONV 1
| #define X_DISPLAY_MISSING 1
| #define HAVE_DIRENT_H 1
| /* end confdefs.h.  */
| #include <ac_nonexistent.h>
configure:9701: checking for grep that handles long lines and -e
configure:9759: result: /usr/bin/grep
configure:9764: checking for egrep
configure:9826: result: /usr/bin/grep -E
configure:9831: checking for ANSI C header files
configure:9851: m68k-amigaos-g++ -fomit-frame-pointer -m68040 -ffast-math -O2 -s -noixemul -w -c   -W -Wall -ansi  -I/e/usr/local/amiga/m68k-amigaos/include -I/d/amiga-gcc2/include/freetype2 -I/opt/netsurf/m68k-unknown-amigaos/env/include/libpng16 -I/opt/netsurf/m68k-unknown-amigaos/env/include conftest.cpp >&5
configure:9851: $? = 0
configure:9935: result: yes
configure:9958: checking for sys/types.h
configure:9958: m68k-amigaos-g++ -fomit-frame-pointer -m68040 -ffast-math -O2 -s -noixemul -w -c   -W -Wall -ansi  -I/d/amiga-gcc2/include -I/d/amiga-gcc2/include -I/d/amiga-gcc2/m68k-amigaos/include/ -I/d/amiga-gcc2/m68k-amigaos/sys-include -I/d/amiga-gcc2/include/sdl -I/d/amiga-gcc2/sys-include -I/e/usr/local/amiga/m68k-amigaos/include -I/d/amiga-gcc2/include/freetype2 -I/opt/netsurf/m68k-unknown-amigaos/env/include/libpng16 -I/opt/netsurf/m68k-unknown-amigaos/env/include -I/d/amiga-gcc2/include -I/d/amiga-gcc2/include -I/d/amiga-gcc2/m68k-amigaos/include/ -I/d/amiga-gcc2/m68k-amigaos/sys-include -I/d/amiga-gcc2/include/sdl -I/d/amiga-gcc2/sys-include conftest.cpp >&5
configure:9958: $? = 0
configure:9958: result: yes
configure:9958: checking for sys/stat.h
configure:9958: m68k-amigaos-g++ -fomit-frame-pointer -m68040 -ffast-math -O2 -s -noixemul -w -c   -W -Wall -ansi  -I/d/amiga-gcc2/include -I/d/amiga-gcc2/include -I/d/amiga-gcc2/m68k-amigaos/include/ -I/d/amiga-gcc2/m68k-amigaos/sys-include -I/d/amiga-gcc2/include/sdl -I/d/amiga-gcc2/sys-include -I/e/usr/local/amiga/m68k-amigaos/include -I/d/amiga-gcc2/include/freetype2 -I/opt/netsurf/m68k-unknown-amigaos/env/include/libpng16 -I/opt/netsurf/m68k-unknown-amigaos/env/include -I/d/amiga-gcc2/include -I/d/amiga-gcc2/include -I/d/amiga-gcc2/m68k-amigaos/include/ -I/d/amiga-gcc2/m68k-amigaos/sys-include -I/d/amiga-gcc2/include/sdl -I/d/amiga-gcc2/sys-include conftest.cpp >&5
configure:9958: $? = 0
configure:9958: result: yes
configure:9958: checking for stdlib.h
configure:9958: m68k-amigaos-g++ -fomit-frame-pointer -m68040 -ffast-math -O2 -s -noixemul -w -c   -W -Wall -ansi  -I/d/amiga-gcc2/include -I/d/amiga-gcc2/include -I/d/amiga-gcc2/m68k-amigaos/include/ -I/d/amiga-gcc2/m68k-amigaos/sys-include -I/d/amiga-gcc2/include/sdl -I/d/amiga-gcc2/sys-include -I/e/usr/local/amiga/m68k-amigaos/include -I/d/amiga-gcc2/include/freetype2 -I/opt/netsurf/m68k-unknown-amigaos/env/include/libpng16 -I/opt/netsurf/m68k-unknown-amigaos/env/include -I/d/amiga-gcc2/include -I/d/amiga-gcc2/include -I/d/amiga-gcc2/m68k-amigaos/include/ -I/d/amiga-gcc2/m68k-amigaos/sys-include -I/d/amiga-gcc2/include/sdl -I/d/amiga-gcc2/sys-include conftest.cpp >&5
configure:9958: $? = 0
configure:9958: result: yes
configure:9958: checking for string.h
configure:9958: m68k-amigaos-g++ -fomit-frame-pointer -m68040 -ffast-math -O2 -s -noixemul -w -c   -W -Wall -ansi  -I/d/amiga-gcc2/include -I/d/amiga-gcc2/include -I/d/amiga-gcc2/m68k-amigaos/include/ -I/d/amiga-gcc2/m68k-amigaos/sys-include -I/d/amiga-gcc2/include/sdl -I/d/amiga-gcc2/sys-include -I/e/usr/local/amiga/m68k-amigaos/include -I/d/amiga-gcc2/include/freetype2 -I/opt/netsurf/m68k-unknown-amigaos/env/include/libpng16 -I/opt/netsurf/m68k-unknown-amigaos/env/include -I/d/amiga-gcc2/include -I/d/amiga-gcc2/include -I/d/amiga-gcc2/m68k-amigaos/include/ -I/d/amiga-gcc2/m68k-amigaos/sys-include -I/d/amiga-gcc2/include/sdl -I/d/amiga-gcc2/sys-include conftest.cpp >&5
configure:9958: $? = 0
configure:9958: result: yes
configure:9958: checking for memory.h
configure:9958: m68k-amigaos-g++ -fomit-frame-pointer -m68040 -ffast-math -O2 -s -noixemul -w -c   -W -Wall -ansi  -I/d/amiga-gcc2/include -I/d/amiga-gcc2/include -I/d/amiga-gcc2/m68k-amigaos/include/ -I/d/amiga-gcc2/m68k-amigaos/sys-include -I/d/amiga-gcc2/include/sdl -I/d/amiga-gcc2/sys-include -I/e/usr/local/amiga/m68k-amigaos/include -I/d/amiga-gcc2/include/freetype2 -I/opt/netsurf/m68k-unknown-amigaos/env/include/libpng16 -I/opt/netsurf/m68k-unknown-amigaos/env/include -I/d/amiga-gcc2/include -I/d/amiga-gcc2/include -I/d/amiga-gcc2/m68k-amigaos/include/ -I/d/amiga-gcc2/m68k-amigaos/sys-include -I/d/amiga-gcc2/include/sdl -I/d/amiga-gcc2/sys-include conftest.cpp >&5
configure:9958: $? = 0
configure:9958: result: yes
configure:9958: checking for strings.h
configure:9958: m68k-amigaos-g++ -fomit-frame-pointer -m68040 -ffast-math -O2 -s -noixemul -w -c   -W -Wall -ansi  -I/d/amiga-gcc2/include -I/d/amiga-gcc2/include -I/d/amiga-gcc2/m68k-amigaos/include/ -I/d/amiga-gcc2/m68k-amigaos/sys-include -I/d/amiga-gcc2/include/sdl -I/d/amiga-gcc2/sys-include -I/e/usr/local/amiga/m68k-amigaos/include -I/d/amiga-gcc2/include/freetype2 -I/opt/netsurf/m68k-unknown-amigaos/env/include/libpng16 -I/opt/netsurf/m68k-unknown-amigaos/env/include -I/d/amiga-gcc2/include -I/d/amiga-gcc2/include -I/d/amiga-gcc2/m68k-amigaos/include/ -I/d/amiga-gcc2/m68k-amigaos/sys-include -I/d/amiga-gcc2/include/sdl -I/d/amiga-gcc2/sys-include conftest.cpp >&5
configure:9958: $? = 0
configure:9958: result: yes
configure:9958: checking for inttypes.h
configure:9958: m68k-amigaos-g++ -fomit-frame-pointer -m68040 -ffast-math -O2 -s -noixemul -w -c   -W -Wall -ansi  -I/d/amiga-gcc2/include -I/d/amiga-gcc2/include -I/d/amiga-gcc2/m68k-amigaos/include/ -I/d/amiga-gcc2/m68k-amigaos/sys-include -I/d/amiga-gcc2/include/sdl -I/d/amiga-gcc2/sys-include -I/e/usr/local/amiga/m68k-amigaos/include -I/d/amiga-gcc2/include/freetype2 -I/opt/netsurf/m68k-unknown-amigaos/env/include/libpng16 -I/opt/netsurf/m68k-unknown-amigaos/env/include -I/d/amiga-gcc2/include -I/d/amiga-gcc2/include -I/d/amiga-gcc2/m68k-amigaos/include/ -I/d/amiga-gcc2/m68k-amigaos/sys-include -I/d/amiga-gcc2/include/sdl -I/d/amiga-gcc2/sys-include conftest.cpp >&5
configure:9958: $? = 0
configure:9958: result: yes
configure:9958: checking for stdint.h
configure:9958: m68k-amigaos-g++ -fomit-frame-pointer -m68040 -ffast-math -O2 -s -noixemul -w -c   -W -Wall -ansi  -I/d/amiga-gcc2/include -I/d/amiga-gcc2/include -I/d/amiga-gcc2/m68k-amigaos/include/ -I/d/amiga-gcc2/m68k-amigaos/sys-include -I/d/amiga-gcc2/include/sdl -I/d/amiga-gcc2/sys-include -I/e/usr/local/amiga/m68k-amigaos/include -I/d/amiga-gcc2/include/freetype2 -I/opt/netsurf/m68k-unknown-amigaos/env/include/libpng16 -I/opt/netsurf/m68k-unknown-amigaos/env/include -I/d/amiga-gcc2/include -I/d/amiga-gcc2/include -I/d/amiga-gcc2/m68k-amigaos/include/ -I/d/amiga-gcc2/m68k-amigaos/sys-include -I/d/amiga-gcc2/include/sdl -I/d/amiga-gcc2/sys-include conftest.cpp >&5
configure:9958: $? = 0
configure:9958: result: yes
configure:9958: checking for unistd.h
configure:9958: m68k-amigaos-g++ -fomit-frame-pointer -m68040 -ffast-math -O2 -s -noixemul -w -c   -W -Wall -ansi  -I/d/amiga-gcc2/include -I/d/amiga-gcc2/include -I/d/amiga-gcc2/m68k-amigaos/include/ -I/d/amiga-gcc2/m68k-amigaos/sys-include -I/d/amiga-gcc2/include/sdl -I/d/amiga-gcc2/sys-include -I/e/usr/local/amiga/m68k-amigaos/include -I/d/amiga-gcc2/include/freetype2 -I/opt/netsurf/m68k-unknown-amigaos/env/include/libpng16 -I/opt/netsurf/m68k-unknown-amigaos/env/include -I/d/amiga-gcc2/include -I/d/amiga-gcc2/include -I/d/amiga-gcc2/m68k-amigaos/include/ -I/d/amiga-gcc2/m68k-amigaos/sys-include -I/d/amiga-gcc2/include/sdl -I/d/amiga-gcc2/sys-include conftest.cpp >&5
configure:9958: $? = 0
configure:9958: result: yes
configure:9970: checking SDL.h usability
configure:9970: m68k-amigaos-g++ -fomit-frame-pointer -m68040 -ffast-math -O2 -s -noixemul -w -c   -W -Wall -ansi  -I/d/amiga-gcc2/include -I/d/amiga-gcc2/include -I/d/amiga-gcc2/m68k-amigaos/include/ -I/d/amiga-gcc2/m68k-amigaos/sys-include -I/d/amiga-gcc2/include/sdl -I/d/amiga-gcc2/sys-include -I/e/usr/local/amiga/m68k-amigaos/include -I/d/amiga-gcc2/include/freetype2 -I/opt/netsurf/m68k-unknown-amigaos/env/include/libpng16 -I/opt/netsurf/m68k-unknown-amigaos/env/include -I/d/amiga-gcc2/include -I/d/amiga-gcc2/include -I/d/amiga-gcc2/m68k-amigaos/include/ -I/d/amiga-gcc2/m68k-amigaos/sys-include -I/d/amiga-gcc2/include/sdl -I/d/amiga-gcc2/sys-include conftest.cpp >&5
configure:9970: $? = 0
configure:9970: result: yes
configure:9970: checking SDL.h presence
configure:9970: m68k-amigaos-g++ -fomit-frame-pointer -m68040 -ffast-math -O2 -s -noixemul -w -E -I/e/usr/local/amiga/m68k-amigaos/include -I/d/amiga-gcc2/include/freetype2 -I/opt/netsurf/m68k-unknown-amigaos/env/include/libpng16 -I/opt/netsurf/m68k-unknown-amigaos/env/include -I/d/amiga-gcc2/include -I/d/amiga-gcc2/include -I/d/amiga-gcc2/m68k-amigaos/include/ -I/d/amiga-gcc2/m68k-amigaos/sys-include -I/d/amiga-gcc2/include/sdl -I/d/amiga-gcc2/sys-include conftest.cpp
configure:9970: $? = 0
configure:9970: result: yes
configure:9970: checking for SDL.h
configure:9970: result: yes
configure:9980: checking SDL_image.h usability
configure:9980: m68k-amigaos-g++ -fomit-frame-pointer -m68040 -ffast-math -O2 -s -noixemul -w -c   -W -Wall -ansi  -I/d/amiga-gcc2/include -I/d/amiga-gcc2/include -I/d/amiga-gcc2/m68k-amigaos/include/ -I/d/amiga-gcc2/m68k-amigaos/sys-include -I/d/amiga-gcc2/include/sdl -I/d/amiga-gcc2/sys-include -I/e/usr/local/amiga/m68k-amigaos/include -I/d/amiga-gcc2/include/freetype2 -I/opt/netsurf/m68k-unknown-amigaos/env/include/libpng16 -I/opt/netsurf/m68k-unknown-amigaos/env/include -I/d/amiga-gcc2/include -I/d/amiga-gcc2/include -I/d/amiga-gcc2/m68k-amigaos/include/ -I/d/amiga-gcc2/m68k-amigaos/sys-include -I/d/amiga-gcc2/include/sdl -I/d/amiga-gcc2/sys-include conftest.cpp >&5
configure:9980: $? = 0
configure:9980: result: yes
configure:9980: checking SDL_image.h presence
configure:9980: m68k-amigaos-g++ -fomit-frame-pointer -m68040 -ffast-math -O2 -s -noixemul -w -E -I/e/usr/local/amiga/m68k-amigaos/include -I/d/amiga-gcc2/include/freetype2 -I/opt/netsurf/m68k-unknown-amigaos/env/include/libpng16 -I/opt/netsurf/m68k-unknown-amigaos/env/include -I/d/amiga-gcc2/include -I/d/amiga-gcc2/include -I/d/amiga-gcc2/m68k-amigaos/include/ -I/d/amiga-gcc2/m68k-amigaos/sys-include -I/d/amiga-gcc2/include/sdl -I/d/amiga-gcc2/sys-include conftest.cpp
configure:9980: $? = 0
configure:9980: result: yes
configure:9980: checking for SDL_image.h
configure:9980: result: yes
configure:9990: checking SDL_mixer.h usability
configure:9990: m68k-amigaos-g++ -fomit-frame-pointer -m68040 -ffast-math -O2 -s -noixemul -w -c   -W -Wall -ansi  -I/d/amiga-gcc2/include -I/d/amiga-gcc2/include -I/d/amiga-gcc2/m68k-amigaos/include/ -I/d/amiga-gcc2/m68k-amigaos/sys-include -I/d/amiga-gcc2/include/sdl -I/d/amiga-gcc2/sys-include -I/e/usr/local/amiga/m68k-amigaos/include -I/d/amiga-gcc2/include/freetype2 -I/opt/netsurf/m68k-unknown-amigaos/env/include/libpng16 -I/opt/netsurf/m68k-unknown-amigaos/env/include -I/d/amiga-gcc2/include -I/d/amiga-gcc2/include -I/d/amiga-gcc2/m68k-amigaos/include/ -I/d/amiga-gcc2/m68k-amigaos/sys-include -I/d/amiga-gcc2/include/sdl -I/d/amiga-gcc2/sys-include conftest.cpp >&5
configure:9990: $? = 0
configure:9990: result: yes
configure:9990: checking SDL_mixer.h presence
configure:9990: m68k-amigaos-g++ -fomit-frame-pointer -m68040 -ffast-math -O2 -s -noixemul -w -E -I/e/usr/local/amiga/m68k-amigaos/include -I/d/amiga-gcc2/include/freetype2 -I/opt/netsurf/m68k-unknown-amigaos/env/include/libpng16 -I/opt/netsurf/m68k-unknown-amigaos/env/include -I/d/amiga-gcc2/include -I/d/amiga-gcc2/include -I/d/amiga-gcc2/m68k-amigaos/include/ -I/d/amiga-gcc2/m68k-amigaos/sys-include -I/d/amiga-gcc2/include/sdl -I/d/amiga-gcc2/sys-include conftest.cpp
configure:9990: $? = 0
configure:9990: result: yes
configure:9990: checking for SDL_mixer.h
configure:9990: result: yes
configure:10000: checking SDL_net.h usability
configure:10000: m68k-amigaos-g++ -fomit-frame-pointer -m68040 -ffast-math -O2 -s -noixemul -w -c   -W -Wall -ansi  -I/d/amiga-gcc2/include -I/d/amiga-gcc2/include -I/d/amiga-gcc2/m68k-amigaos/include/ -I/d/amiga-gcc2/m68k-amigaos/sys-include -I/d/amiga-gcc2/include/sdl -I/d/amiga-gcc2/sys-include -I/e/usr/local/amiga/m68k-amigaos/include -I/d/amiga-gcc2/include/freetype2 -I/opt/netsurf/m68k-unknown-amigaos/env/include/libpng16 -I/opt/netsurf/m68k-unknown-amigaos/env/include -I/d/amiga-gcc2/include -I/d/amiga-gcc2/include -I/d/amiga-gcc2/m68k-amigaos/include/ -I/d/amiga-gcc2/m68k-amigaos/sys-include -I/d/amiga-gcc2/include/sdl -I/d/amiga-gcc2/sys-include conftest.cpp >&5
configure:10000: $? = 0
configure:10000: result: yes
configure:10000: checking SDL_net.h presence
configure:10000: m68k-amigaos-g++ -fomit-frame-pointer -m68040 -ffast-math -O2 -s -noixemul -w -E -I/e/usr/local/amiga/m68k-amigaos/include -I/d/amiga-gcc2/include/freetype2 -I/opt/netsurf/m68k-unknown-amigaos/env/include/libpng16 -I/opt/netsurf/m68k-unknown-amigaos/env/include -I/d/amiga-gcc2/include -I/d/amiga-gcc2/include -I/d/amiga-gcc2/m68k-amigaos/include/ -I/d/amiga-gcc2/m68k-amigaos/sys-include -I/d/amiga-gcc2/include/sdl -I/d/amiga-gcc2/sys-include conftest.cpp
configure:10000: $? = 0
configure:10000: result: yes
configure:10000: checking for SDL_net.h
configure:10000: result: yes
configure:10018: checking for stdlib.h
configure:10018: result: yes
configure:10018: checking for unistd.h
configure:10018: result: yes
configure:10018: checking poll.h usability
configure:10018: m68k-amigaos-g++ -fomit-frame-pointer -m68040 -ffast-math -O2 -s -noixemul -w -c   -W -Wall -ansi  -I/e/usr/local/amiga/m68k-amigaos/include -I/d/amiga-gcc2/include/freetype2 -I/opt/netsurf/m68k-unknown-amigaos/env/include/libpng16 -I/opt/netsurf/m68k-unknown-amigaos/env/include conftest.cpp >&5
configure:10018: $? = 0
configure:10018: result: yes
configure:10018: checking poll.h presence
configure:10018: m68k-amigaos-g++ -fomit-frame-pointer -m68040 -ffast-math -O2 -s -noixemul -w -E -I/e/usr/local/amiga/m68k-amigaos/include -I/d/amiga-gcc2/include/freetype2 -I/opt/netsurf/m68k-unknown-amigaos/env/include/libpng16 -I/opt/netsurf/m68k-unknown-amigaos/env/include conftest.cpp
configure:10018: $? = 0
configure:10018: result: yes
configure:10018: checking for poll.h
configure:10018: result: yes
configure:10018: checking sys/poll.h usability
configure:10018: m68k-amigaos-g++ -fomit-frame-pointer -m68040 -ffast-math -O2 -s -noixemul -w -c   -W -Wall -ansi  -I/e/usr/local/amiga/m68k-amigaos/include -I/d/amiga-gcc2/include/freetype2 -I/opt/netsurf/m68k-unknown-amigaos/env/include/libpng16 -I/opt/netsurf/m68k-unknown-amigaos/env/include conftest.cpp >&5
configure:10018: $? = 0
configure:10018: result: yes
configure:10018: checking sys/poll.h presence
configure:10018: m68k-amigaos-g++ -fomit-frame-pointer -m68040 -ffast-math -O2 -s -noixemul -w -E -I/e/usr/local/amiga/m68k-amigaos/include -I/d/amiga-gcc2/include/freetype2 -I/opt/netsurf/m68k-unknown-amigaos/env/include/libpng16 -I/opt/netsurf/m68k-unknown-amigaos/env/include conftest.cpp
configure:10018: $? = 0
configure:10018: result: yes
configure:10018: checking for sys/poll.h
configure:10018: result: yes
configure:10018: checking sys/select.h usability
configure:10018: m68k-amigaos-g++ -fomit-frame-pointer -m68040 -ffast-math -O2 -s -noixemul -w -c   -W -Wall -ansi  -I/e/usr/local/amiga/m68k-amigaos/include -I/d/amiga-gcc2/include/freetype2 -I/opt/netsurf/m68k-unknown-amigaos/env/include/libpng16 -I/opt/netsurf/m68k-unknown-amigaos/env/include conftest.cpp >&5
configure:10018: $? = 0
configure:10018: result: yes
configure:10018: checking sys/select.h presence
configure:10018: m68k-amigaos-g++ -fomit-frame-pointer -m68040 -ffast-math -O2 -s -noixemul -w -E -I/e/usr/local/amiga/m68k-amigaos/include -I/d/amiga-gcc2/include/freetype2 -I/opt/netsurf/m68k-unknown-amigaos/env/include/libpng16 -I/opt/netsurf/m68k-unknown-amigaos/env/include conftest.cpp
configure:10018: $? = 0
configure:10018: result: yes
configure:10018: checking for sys/select.h
configure:10018: result: yes
configure:10034: checking for stdbool.h that conforms to C99
configure:10101: m68k-amigaos-g++ -fomit-frame-pointer -m68040 -ffast-math -O2 -s -noixemul -w -c   -W -Wall -ansi  -I/e/usr/local/amiga/m68k-amigaos/include -I/d/amiga-gcc2/include/freetype2 -I/opt/netsurf/m68k-unknown-amigaos/env/include/libpng16 -I/opt/netsurf/m68k-unknown-amigaos/env/include conftest.cpp >&5
configure:10101: $? = 0
configure:10108: result: yes
configure:10110: checking for _Bool
configure:10110: m68k-amigaos-g++ -fomit-frame-pointer -m68040 -ffast-math -O2 -s -noixemul -w -c   -W -Wall -ansi  -I/e/usr/local/amiga/m68k-amigaos/include -I/d/amiga-gcc2/include/freetype2 -I/opt/netsurf/m68k-unknown-amigaos/env/include/libpng16 -I/opt/netsurf/m68k-unknown-amigaos/env/include conftest.cpp >&5
conftest.cpp: In function 'int main()':
conftest.cpp:66:13: error: '_Bool' was not declared in this scope
 if (sizeof (_Bool))
             ^~~~~
configure:10110: $? = 1
configure: failed program was:
| /* confdefs.h */
| #define PACKAGE_NAME "Battle for Wesnoth"
| #define PACKAGE_TARNAME "wesnoth"
| #define PACKAGE_VERSION "1.0.2"
| #define PACKAGE_STRING "Battle for Wesnoth 1.0.2"
| #define PACKAGE_BUGREPORT "davidnwhite@verizon.net"
| #define PACKAGE_URL ""
| #define WESNOTH_DEFAULT_SERVER "server.wesnoth.org"
| #define PACKAGE "wesnoth"
| #define VERSION "1.0.2"
| #define HAVE_ICONV 1
| #define X_DISPLAY_MISSING 1
| #define HAVE_DIRENT_H 1
| #define STDC_HEADERS 1
| #define HAVE_SYS_TYPES_H 1
| #define HAVE_SYS_STAT_H 1
| #define HAVE_STDLIB_H 1
| #define HAVE_STRING_H 1
| #define HAVE_MEMORY_H 1
| #define HAVE_STRINGS_H 1
| #define HAVE_INTTYPES_H 1
| #define HAVE_STDINT_H 1
| #define HAVE_UNISTD_H 1
| #define HAVE_STDLIB_H 1
| #define HAVE_UNISTD_H 1
| #define HAVE_POLL_H 1
| #define HAVE_SYS_POLL_H 1
| #define HAVE_SYS_SELECT_H 1
| /* end confdefs.h.  */
| #include <stdio.h>
| #ifdef HAVE_SYS_TYPES_H
| # include <sys/types.h>
| #endif
| #ifdef HAVE_SYS_STAT_H
| # include <sys/stat.h>
| #endif
| #ifdef STDC_HEADERS
| # include <stdlib.h>
| # include <stddef.h>
| #else
| # ifdef HAVE_STDLIB_H
| #  include <stdlib.h>
| # endif
| #endif
| #ifdef HAVE_STRING_H
| # if !defined STDC_HEADERS && defined HAVE_MEMORY_H
| #  include <memory.h>
| # endif
| # include <string.h>
| #endif
| #ifdef HAVE_STRINGS_H
| # include <strings.h>
| #endif
| #ifdef HAVE_INTTYPES_H
| # include <inttypes.h>
| #endif
| #ifdef HAVE_STDINT_H
| # include <stdint.h>
| #endif
| #ifdef HAVE_UNISTD_H
| # include <unistd.h>
| #endif
| int
| main ()
| {
| if (sizeof (_Bool))
| 	 return 0;
|   ;
|   return 0;
| }
configure:10110: result: no
configure:10127: checking for an ANSI C-conforming const
configure:10193: m68k-amigaos-g++ -fomit-frame-pointer -m68040 -ffast-math -O2 -s -noixemul -w -c   -W -Wall -ansi  -I/e/usr/local/amiga/m68k-amigaos/include -I/d/amiga-gcc2/include/freetype2 -I/opt/netsurf/m68k-unknown-amigaos/env/include/libpng16 -I/opt/netsurf/m68k-unknown-amigaos/env/include conftest.cpp >&5
configure:10193: $? = 0
configure:10200: result: yes
configure:10208: checking for inline
configure:10224: m68k-amigaos-g++ -fomit-frame-pointer -m68040 -ffast-math -O2 -s -noixemul -w -c   -W -Wall -ansi  -I/e/usr/local/amiga/m68k-amigaos/include -I/d/amiga-gcc2/include/freetype2 -I/opt/netsurf/m68k-unknown-amigaos/env/include/libpng16 -I/opt/netsurf/m68k-unknown-amigaos/env/include conftest.cpp >&5
configure:10224: $? = 0
configure:10232: result: inline
configure:10250: checking for mode_t
configure:10250: m68k-amigaos-g++ -fomit-frame-pointer -m68040 -ffast-math -O2 -s -noixemul -w -c   -W -Wall -ansi  -I/e/usr/local/amiga/m68k-amigaos/include -I/d/amiga-gcc2/include/freetype2 -I/opt/netsurf/m68k-unknown-amigaos/env/include/libpng16 -I/opt/netsurf/m68k-unknown-amigaos/env/include conftest.cpp >&5
configure:10250: $? = 0
configure:10250: m68k-amigaos-g++ -fomit-frame-pointer -m68040 -ffast-math -O2 -s -noixemul -w -c   -W -Wall -ansi  -I/e/usr/local/amiga/m68k-amigaos/include -I/d/amiga-gcc2/include/freetype2 -I/opt/netsurf/m68k-unknown-amigaos/env/include/libpng16 -I/opt/netsurf/m68k-unknown-amigaos/env/include conftest.cpp >&5
conftest.cpp: In function 'int main()':
conftest.cpp:67:20: error: expected primary-expression before ')' token
 if (sizeof ((mode_t)))
                    ^
configure:10250: $? = 1
configure: failed program was:
| /* confdefs.h */
| #define PACKAGE_NAME "Battle for Wesnoth"
| #define PACKAGE_TARNAME "wesnoth"
| #define PACKAGE_VERSION "1.0.2"
| #define PACKAGE_STRING "Battle for Wesnoth 1.0.2"
| #define PACKAGE_BUGREPORT "davidnwhite@verizon.net"
| #define PACKAGE_URL ""
| #define WESNOTH_DEFAULT_SERVER "server.wesnoth.org"
| #define PACKAGE "wesnoth"
| #define VERSION "1.0.2"
| #define HAVE_ICONV 1
| #define X_DISPLAY_MISSING 1
| #define HAVE_DIRENT_H 1
| #define STDC_HEADERS 1
| #define HAVE_SYS_TYPES_H 1
| #define HAVE_SYS_STAT_H 1
| #define HAVE_STDLIB_H 1
| #define HAVE_STRING_H 1
| #define HAVE_MEMORY_H 1
| #define HAVE_STRINGS_H 1
| #define HAVE_INTTYPES_H 1
| #define HAVE_STDINT_H 1
| #define HAVE_UNISTD_H 1
| #define HAVE_STDLIB_H 1
| #define HAVE_UNISTD_H 1
| #define HAVE_POLL_H 1
| #define HAVE_SYS_POLL_H 1
| #define HAVE_SYS_SELECT_H 1
| #define HAVE_STDBOOL_H 1
| /* end confdefs.h.  */
| #include <stdio.h>
| #ifdef HAVE_SYS_TYPES_H
| # include <sys/types.h>
| #endif
| #ifdef HAVE_SYS_STAT_H
| # include <sys/stat.h>
| #endif
| #ifdef STDC_HEADERS
| # include <stdlib.h>
| # include <stddef.h>
| #else
| # ifdef HAVE_STDLIB_H
| #  include <stdlib.h>
| # endif
| #endif
| #ifdef HAVE_STRING_H
| # if !defined STDC_HEADERS && defined HAVE_MEMORY_H
| #  include <memory.h>
| # endif
| # include <string.h>
| #endif
| #ifdef HAVE_STRINGS_H
| # include <strings.h>
| #endif
| #ifdef HAVE_INTTYPES_H
| # include <inttypes.h>
| #endif
| #ifdef HAVE_STDINT_H
| # include <stdint.h>
| #endif
| #ifdef HAVE_UNISTD_H
| # include <unistd.h>
| #endif
| int
| main ()
| {
| if (sizeof ((mode_t)))
| 	    return 0;
|   ;
|   return 0;
| }
configure:10250: result: yes
configure:10261: checking for size_t
configure:10261: m68k-amigaos-g++ -fomit-frame-pointer -m68040 -ffast-math -O2 -s -noixemul -w -c   -W -Wall -ansi  -I/e/usr/local/amiga/m68k-amigaos/include -I/d/amiga-gcc2/include/freetype2 -I/opt/netsurf/m68k-unknown-amigaos/env/include/libpng16 -I/opt/netsurf/m68k-unknown-amigaos/env/include conftest.cpp >&5
configure:10261: $? = 0
configure:10261: m68k-amigaos-g++ -fomit-frame-pointer -m68040 -ffast-math -O2 -s -noixemul -w -c   -W -Wall -ansi  -I/e/usr/local/amiga/m68k-amigaos/include -I/d/amiga-gcc2/include/freetype2 -I/opt/netsurf/m68k-unknown-amigaos/env/include/libpng16 -I/opt/netsurf/m68k-unknown-amigaos/env/include conftest.cpp >&5
conftest.cpp: In function 'int main()':
conftest.cpp:67:20: error: expected primary-expression before ')' token
 if (sizeof ((size_t)))
                    ^
configure:10261: $? = 1
configure: failed program was:
| /* confdefs.h */
| #define PACKAGE_NAME "Battle for Wesnoth"
| #define PACKAGE_TARNAME "wesnoth"
| #define PACKAGE_VERSION "1.0.2"
| #define PACKAGE_STRING "Battle for Wesnoth 1.0.2"
| #define PACKAGE_BUGREPORT "davidnwhite@verizon.net"
| #define PACKAGE_URL ""
| #define WESNOTH_DEFAULT_SERVER "server.wesnoth.org"
| #define PACKAGE "wesnoth"
| #define VERSION "1.0.2"
| #define HAVE_ICONV 1
| #define X_DISPLAY_MISSING 1
| #define HAVE_DIRENT_H 1
| #define STDC_HEADERS 1
| #define HAVE_SYS_TYPES_H 1
| #define HAVE_SYS_STAT_H 1
| #define HAVE_STDLIB_H 1
| #define HAVE_STRING_H 1
| #define HAVE_MEMORY_H 1
| #define HAVE_STRINGS_H 1
| #define HAVE_INTTYPES_H 1
| #define HAVE_STDINT_H 1
| #define HAVE_UNISTD_H 1
| #define HAVE_STDLIB_H 1
| #define HAVE_UNISTD_H 1
| #define HAVE_POLL_H 1
| #define HAVE_SYS_POLL_H 1
| #define HAVE_SYS_SELECT_H 1
| #define HAVE_STDBOOL_H 1
| /* end confdefs.h.  */
| #include <stdio.h>
| #ifdef HAVE_SYS_TYPES_H
| # include <sys/types.h>
| #endif
| #ifdef HAVE_SYS_STAT_H
| # include <sys/stat.h>
| #endif
| #ifdef STDC_HEADERS
| # include <stdlib.h>
| # include <stddef.h>
| #else
| # ifdef HAVE_STDLIB_H
| #  include <stdlib.h>
| # endif
| #endif
| #ifdef HAVE_STRING_H
| # if !defined STDC_HEADERS && defined HAVE_MEMORY_H
| #  include <memory.h>
| # endif
| # include <string.h>
| #endif
| #ifdef HAVE_STRINGS_H
| # include <strings.h>
| #endif
| #ifdef HAVE_INTTYPES_H
| # include <inttypes.h>
| #endif
| #ifdef HAVE_STDINT_H
| # include <stdint.h>
| #endif
| #ifdef HAVE_UNISTD_H
| # include <unistd.h>
| #endif
| int
| main ()
| {
| if (sizeof ((size_t)))
| 	    return 0;
|   ;
|   return 0;
| }
configure:10261: result: yes
configure:10272: checking whether struct tm is in sys/time.h or time.h
configure:10292: m68k-amigaos-g++ -fomit-frame-pointer -m68040 -ffast-math -O2 -s -noixemul -w -c   -W -Wall -ansi  -I/e/usr/local/amiga/m68k-amigaos/include -I/d/amiga-gcc2/include/freetype2 -I/opt/netsurf/m68k-unknown-amigaos/env/include/libpng16 -I/opt/netsurf/m68k-unknown-amigaos/env/include conftest.cpp >&5
configure:10292: $? = 0
configure:10299: result: time.h
configure:10309: checking for error_at_line
configure:10325: m68k-amigaos-g++ -fomit-frame-pointer -m68040 -ffast-math -O2 -s -noixemul -w -o conftest   -W -Wall -ansi  -I/e/usr/local/amiga/m68k-amigaos/include -I/d/amiga-gcc2/include/freetype2 -I/opt/netsurf/m68k-unknown-amigaos/env/include/libpng16 -I/opt/netsurf/m68k-unknown-amigaos/env/include  conftest.cpp  >&5
conftest.cpp:31:19: fatal error: error.h: No such file or directory
 #include <error.h>
                   ^
compilation terminated.
configure:10325: $? = 1
configure: failed program was:
| /* confdefs.h */
| #define PACKAGE_NAME "Battle for Wesnoth"
| #define PACKAGE_TARNAME "wesnoth"
| #define PACKAGE_VERSION "1.0.2"
| #define PACKAGE_STRING "Battle for Wesnoth 1.0.2"
| #define PACKAGE_BUGREPORT "davidnwhite@verizon.net"
| #define PACKAGE_URL ""
| #define WESNOTH_DEFAULT_SERVER "server.wesnoth.org"
| #define PACKAGE "wesnoth"
| #define VERSION "1.0.2"
| #define HAVE_ICONV 1
| #define X_DISPLAY_MISSING 1
| #define HAVE_DIRENT_H 1
| #define STDC_HEADERS 1
| #define HAVE_SYS_TYPES_H 1
| #define HAVE_SYS_STAT_H 1
| #define HAVE_STDLIB_H 1
| #define HAVE_STRING_H 1
| #define HAVE_MEMORY_H 1
| #define HAVE_STRINGS_H 1
| #define HAVE_INTTYPES_H 1
| #define HAVE_STDINT_H 1
| #define HAVE_UNISTD_H 1
| #define HAVE_STDLIB_H 1
| #define HAVE_UNISTD_H 1
| #define HAVE_POLL_H 1
| #define HAVE_SYS_POLL_H 1
| #define HAVE_SYS_SELECT_H 1
| #define HAVE_STDBOOL_H 1
| /* end confdefs.h.  */
| #include <error.h>
| int
| main ()
| {
| error_at_line (0, 0, "", 0, "an error occurred");
|   ;
|   return 0;
| }
configure:10333: result: no
configure:10344: checking whether lstat correctly handles trailing slash
configure:10387: result: no
configure:10406: checking whether stat accepts an empty string
configure:10436: result: yes
configure:10454: checking for strftime
configure:10454: m68k-amigaos-g++ -fomit-frame-pointer -m68040 -ffast-math -O2 -s -noixemul -w -o conftest   -W -Wall -ansi  -I/e/usr/local/amiga/m68k-amigaos/include -I/d/amiga-gcc2/include/freetype2 -I/opt/netsurf/m68k-unknown-amigaos/env/include/libpng16 -I/opt/netsurf/m68k-unknown-amigaos/env/include  conftest.cpp  >&5
configure:10454: $? = 0
configure:10454: result: yes
configure:10510: checking for floor
configure:10510: m68k-amigaos-g++ -fomit-frame-pointer -m68040 -ffast-math -O2 -s -noixemul -w -o conftest   -W -Wall -ansi  -I/e/usr/local/amiga/m68k-amigaos/include -I/d/amiga-gcc2/include/freetype2 -I/opt/netsurf/m68k-unknown-amigaos/env/include/libpng16 -I/opt/netsurf/m68k-unknown-amigaos/env/include  conftest.cpp  >&5
configure:10510: $? = 0
configure:10510: result: yes
configure:10510: checking for socket
configure:10510: m68k-amigaos-g++ -fomit-frame-pointer -m68040 -ffast-math -O2 -s -noixemul -w -o conftest   -W -Wall -ansi  -I/e/usr/local/amiga/m68k-amigaos/include -I/d/amiga-gcc2/include/freetype2 -I/opt/netsurf/m68k-unknown-amigaos/env/include/libpng16 -I/opt/netsurf/m68k-unknown-amigaos/env/include  conftest.cpp  >&5
/d/amiga-gcc2/bin/m68k-amigaos-ld: /tmp/cc5KWQ6a.o:/tmp/cc5KWQ6a.o:(.text+0x2): undefined reference to `socket'
collect2: error: ld returned 1 exit status
configure:10510: $? = 1
configure: failed program was:
| /* confdefs.h */
| #define PACKAGE_NAME "Battle for Wesnoth"
| #define PACKAGE_TARNAME "wesnoth"
| #define PACKAGE_VERSION "1.0.2"
| #define PACKAGE_STRING "Battle for Wesnoth 1.0.2"
| #define PACKAGE_BUGREPORT "davidnwhite@verizon.net"
| #define PACKAGE_URL ""
| #define WESNOTH_DEFAULT_SERVER "server.wesnoth.org"
| #define PACKAGE "wesnoth"
| #define VERSION "1.0.2"
| #define HAVE_ICONV 1
| #define X_DISPLAY_MISSING 1
| #define HAVE_DIRENT_H 1
| #define STDC_HEADERS 1
| #define HAVE_SYS_TYPES_H 1
| #define HAVE_SYS_STAT_H 1
| #define HAVE_STDLIB_H 1
| #define HAVE_STRING_H 1
| #define HAVE_MEMORY_H 1
| #define HAVE_STRINGS_H 1
| #define HAVE_INTTYPES_H 1
| #define HAVE_STDINT_H 1
| #define HAVE_UNISTD_H 1
| #define HAVE_STDLIB_H 1
| #define HAVE_UNISTD_H 1
| #define HAVE_POLL_H 1
| #define HAVE_SYS_POLL_H 1
| #define HAVE_SYS_SELECT_H 1
| #define HAVE_STDBOOL_H 1
| #define HAVE_STAT_EMPTY_STRING_BUG 1
| #define HAVE_STRFTIME 1
| #define HAVE_FLOOR 1
| /* end confdefs.h.  */
| /* Define socket to an innocuous variant, in case <limits.h> declares socket.
|    For example, HP-UX 11i <limits.h> declares gettimeofday.  */
| #define socket innocuous_socket
| 
| /* System header to define __stub macros and hopefully few prototypes,
|     which can conflict with char socket (); below.
|     Prefer <limits.h> to <assert.h> if __STDC__ is defined, since
|     <limits.h> exists even on freestanding compilers.  */
| 
| #ifdef __STDC__
| # include <limits.h>
| #else
| # include <assert.h>
| #endif
| 
| #undef socket
| 
| /* Override any GCC internal prototype to avoid an error.
|    Use char because int might match the return type of a GCC
|    builtin and then its argument prototype would still apply.  */
| #ifdef __cplusplus
| extern "C"
| #endif
| char socket ();
| /* The GNU C library defines this for functions which it implements
|     to always fail with ENOSYS.  Some functions are actually named
|     something starting with __ and the normal name is an alias.  */
| #if defined __stub_socket || defined __stub___socket
| choke me
| #endif
| 
| int
| main ()
| {
| return socket ();
|   ;
|   return 0;
| }
configure:10510: result: no
configure:10510: checking for strtoul
configure:10510: m68k-amigaos-g++ -fomit-frame-pointer -m68040 -ffast-math -O2 -s -noixemul -w -o conftest   -W -Wall -ansi  -I/e/usr/local/amiga/m68k-amigaos/include -I/d/amiga-gcc2/include/freetype2 -I/opt/netsurf/m68k-unknown-amigaos/env/include/libpng16 -I/opt/netsurf/m68k-unknown-amigaos/env/include  conftest.cpp  >&5
configure:10510: $? = 0
configure:10510: result: yes
configure:10531: checking for PNG support in SDL_image
configure:10544: result: not tested in cross-compiling
configure:10802: checking that generated files are newer than configure
configure:10808: result: done
configure:10907: creating ./config.status

## ---------------------- ##
## Running config.status. ##
## ---------------------- ##

This file was extended by Battle for Wesnoth config.status 1.0.2, which was
generated by GNU Autoconf 2.69.  Invocation command line was

  CONFIG_FILES    = 
  CONFIG_HEADERS  = 
  CONFIG_LINKS    = 
  CONFIG_COMMANDS = 
  $ ./config.status 

on DESKTOP-SIGA61O

config.status:998: creating Makefile
config.status:998: creating po/Makefile
config.status:998: creating po/wesnoth/Makefile.in
config.status:1106: WARNING:  'po/wesnoth/Makefile.in.in' seems to ignore the --datarootdir setting
config.status:998: creating po/wesnoth-editor/Makefile.in
config.status:1106: WARNING:  'po/wesnoth-editor/Makefile.in.in' seems to ignore the --datarootdir setting
config.status:998: creating po/wesnoth-lib/Makefile.in
config.status:1106: WARNING:  'po/wesnoth-lib/Makefile.in.in' seems to ignore the --datarootdir setting
config.status:998: creating po/wesnoth-httt/Makefile.in
config.status:1106: WARNING:  'po/wesnoth-httt/Makefile.in.in' seems to ignore the --datarootdir setting
config.status:998: creating po/wesnoth-tdh/Makefile.in
config.status:1106: WARNING:  'po/wesnoth-tdh/Makefile.in.in' seems to ignore the --datarootdir setting
config.status:998: creating po/wesnoth-sotbe/Makefile.in
config.status:1106: WARNING:  'po/wesnoth-sotbe/Makefile.in.in' seems to ignore the --datarootdir setting
config.status:998: creating po/wesnoth-ei/Makefile.in
config.status:1106: WARNING:  'po/wesnoth-ei/Makefile.in.in' seems to ignore the --datarootdir setting
config.status:998: creating po/wesnoth-trow/Makefile.in
config.status:1106: WARNING:  'po/wesnoth-trow/Makefile.in.in' seems to ignore the --datarootdir setting
config.status:998: creating m4/Makefile
config.status:998: creating icons/Makefile
config.status:998: creating src/Makefile
config.status:998: creating doc/Makefile
config.status:998: creating doc/man/Makefile
config.status:998: creating config.h
config.status:1227: executing src/wesconfig.h commands
config.status:1227: executing default-1 commands
config.status:1227: executing depfiles commands
config.status:1434: cd src       && sed -e '/# am--include-marker/d' Makefile         | make -f - am--depfiles
make: Nothing to be done for 'am--depfiles'.
config.status:1439: $? = 0
config.status:1227: executing translations commands

## ---------------- ##
## Cache variables. ##
## ---------------- ##

ac_cv_build=x86_64-pc-cygwin
ac_cv_c_compiler_gnu=yes
ac_cv_c_const=yes
ac_cv_c_inline=inline
ac_cv_cxx_compiler_gnu=yes
ac_cv_env_CCC_set=
ac_cv_env_CCC_value=
ac_cv_env_CC_set=set
ac_cv_env_CC_value='m68k-amigaos-gcc -fomit-frame-pointer  -m68040 -ffast-math -O2 -s -noixemul -w'
ac_cv_env_CFLAGS_set=
ac_cv_env_CFLAGS_value=
ac_cv_env_CPPFLAGS_set=
ac_cv_env_CPPFLAGS_value=
ac_cv_env_CPP_set=
ac_cv_env_CPP_value=
ac_cv_env_CXXCPP_set=
ac_cv_env_CXXCPP_value=
ac_cv_env_CXXFLAGS_set=
ac_cv_env_CXXFLAGS_value=
ac_cv_env_CXX_set=set
ac_cv_env_CXX_value='m68k-amigaos-g++ -fomit-frame-pointer -m68040 -ffast-math -O2 -s -noixemul -w'
ac_cv_env_LDFLAGS_set=
ac_cv_env_LDFLAGS_value=
ac_cv_env_LIBS_set=
ac_cv_env_LIBS_value=
ac_cv_env_XMKMF_set=
ac_cv_env_XMKMF_value=
ac_cv_env_build_alias_set=set
ac_cv_env_build_alias_value=x86_64-pc-cygwin
ac_cv_env_host_alias_set=set
ac_cv_env_host_alias_value=m68k-amigaos
ac_cv_env_target_alias_set=set
ac_cv_env_target_alias_value=m68k-amigaos
ac_cv_func_floor=yes
ac_cv_func_lstat_dereferences_slashed_symlink=no
ac_cv_func_socket=no
ac_cv_func_stat_empty_string_bug=yes
ac_cv_func_strftime=yes
ac_cv_func_strtoul=yes
ac_cv_have_x=have_x=no
ac_cv_header_SDL_h=yes
ac_cv_header_SDL_image_h=yes
ac_cv_header_SDL_mixer_h=yes
ac_cv_header_SDL_net_h=yes
ac_cv_header_dirent_dirent_h=yes
ac_cv_header_inttypes_h=yes
ac_cv_header_memory_h=yes
ac_cv_header_poll_h=yes
ac_cv_header_stdbool_h=yes
ac_cv_header_stdc=yes
ac_cv_header_stdint_h=yes
ac_cv_header_stdlib_h=yes
ac_cv_header_string_h=yes
ac_cv_header_strings_h=yes
ac_cv_header_sys_poll_h=yes
ac_cv_header_sys_select_h=yes
ac_cv_header_sys_stat_h=yes
ac_cv_header_sys_types_h=yes
ac_cv_header_unistd_h=yes
ac_cv_host=m68k-unknown-amigaos
ac_cv_lib_SDL_image_IMG_Load=yes
ac_cv_lib_SDL_mixer_Mix_OpenAudio=yes
ac_cv_lib_SDL_net_SDLNet_Init=yes
ac_cv_lib_X11_XOpenDisplay=no
ac_cv_lib_error_at_line=no
ac_cv_objext=o
ac_cv_path_EGREP='/usr/bin/grep -E'
ac_cv_path_GMSGFMT=/usr/bin/msgfmt
ac_cv_path_GREP=/usr/bin/grep
ac_cv_path_LTOOL=/usr/bin/libtool
ac_cv_path_MSGFMT=/usr/bin/msgfmt
ac_cv_path_MSGMERGE=/usr/bin/msgmerge
ac_cv_path_PKG_CONFIG=/usr/bin/pkg-config
ac_cv_path_PNG_CONFIG=/d/dev/msys64/mingw64/bin/libpng-config
ac_cv_path_SDL_CONFIG=/d/amiga-gcc2/m68k-amigaos/bin/sdl-config
ac_cv_path_XGETTEXT=/usr/bin/xgettext
ac_cv_path_install='/usr/bin/install -c'
ac_cv_path_mkdir=/usr/bin/mkdir
ac_cv_prog_AWK=gawk
ac_cv_prog_CC='m68k-amigaos-gcc -fomit-frame-pointer  -m68040 -ffast-math -O2 -s -noixemul -w'
ac_cv_prog_CPP='m68k-amigaos-gcc -fomit-frame-pointer  -m68040 -ffast-math -O2 -s -noixemul -w -E'
ac_cv_prog_CXXCPP='m68k-amigaos-g++ -fomit-frame-pointer -m68040 -ffast-math -O2 -s -noixemul -w -E'
ac_cv_prog_RANLIB=m68k-amigaos-ranlib
ac_cv_prog_STRIP=m68k-amigaos-strip
ac_cv_prog_cc_c89=
ac_cv_prog_cc_g=yes
ac_cv_prog_cxx_g=yes
ac_cv_prog_make_make_set=yes
ac_cv_search_opendir='none required'
ac_cv_struct_tm=time.h
ac_cv_target=m68k-unknown-amigaos
ac_cv_type__Bool=no
ac_cv_type_mode_t=yes
ac_cv_type_size_t=yes
acl_cv_hardcode_direct=no
acl_cv_hardcode_libdir_flag_spec='-L$libdir'
acl_cv_hardcode_libdir_separator=
acl_cv_hardcode_minus_L=yes
acl_cv_libext=a
acl_cv_path_LD=D:/amiga-gcc2/m68k-amigaos/bin/ld
acl_cv_prog_gnu_ld=yes
acl_cv_rpath=done
acl_cv_shlibext=so
acl_cv_wl=-Wl,
am_cv_CC_dependencies_compiler_type=gcc3
am_cv_CXX_dependencies_compiler_type=gcc3
am_cv_func_iconv=yes
am_cv_lib_iconv=yes
am_cv_make_support_nested_variables=yes
am_cv_prog_cc_c_o=yes
am_cv_prog_tar_ustar=gnutar
gt_cv_func_CFLocaleCopyCurrent=no
gt_cv_func_CFPreferencesCopyAppValue=no
gt_cv_func_gnugettext1_libc=no
gt_cv_func_gnugettext1_libintl=no

## ----------------- ##
## Output variables. ##
## ----------------- ##

ACLOCAL='aclocal-1.16'
AMDEPBACKSLASH='\'
AMDEP_FALSE='#'
AMDEP_TRUE=''
AMTAR='$${TAR-tar}'
AM_BACKSLASH='\'
AM_DEFAULT_V='$(AM_DEFAULT_VERBOSITY)'
AM_DEFAULT_VERBOSITY='1'
AM_V='$(V)'
AUTOCONF='autoconf'
AUTOHEADER='autoheader'
AUTOMAKE='automake-1.16'
AWK='gawk'
CAMPAIGNSERVER_FALSE=''
CAMPAIGNSERVER_TRUE='#'
CC='m68k-amigaos-gcc -fomit-frame-pointer  -m68040 -ffast-math -O2 -s -noixemul -w'
CCDEPMODE='depmode=gcc3'
CFLAGS='-g -O2'
CPP='m68k-amigaos-gcc -fomit-frame-pointer  -m68040 -ffast-math -O2 -s -noixemul -w -E'
CPPFLAGS='-I/e/usr/local/amiga/m68k-amigaos/include -I/d/amiga-gcc2/include/freetype2 -I/opt/netsurf/m68k-unknown-amigaos/env/include/libpng16 -I/opt/netsurf/m68k-unknown-amigaos/env/include'
CXX='m68k-amigaos-g++ -fomit-frame-pointer -m68040 -ffast-math -O2 -s -noixemul -w'
CXXCPP='m68k-amigaos-g++ -fomit-frame-pointer -m68040 -ffast-math -O2 -s -noixemul -w -E'
CXXDEPMODE='depmode=gcc3'
CXXFLAGS='  -W -Wall -ansi '
CYGPATH_W='cygpath -w'
DATADIR='wesnoth'
DATA_FILES=''
DEFS='-DHAVE_CONFIG_H'
DEPDIR='.deps'
DESKTOPDIR=''
DUMMYLOCALES_FALSE=''
DUMMYLOCALES_TRUE='#'
ECHO_C=''
ECHO_N='-n'
ECHO_T=''
EDITOR_FALSE=''
EDITOR_TRUE='#'
EGREP='/usr/bin/grep -E'
EXEEXT=''
FONT_FILES=''
FREETYPE_LIBS='-L/d/amiga-gcc2/lib -L/opt/netsurf/m68k-unknown-amigaos/env/lib -lfreetype -lpng16 -lz -lm -lz'
FULLLOCALEDIR='${datadir}/${DATADIR}/${LOCALEDIR}'
GAME_FALSE='#'
GAME_TRUE=''
GCC_FALSE=''
GCC_TRUE='#'
GMSGFMT='/usr/bin/msgfmt'
GNOME1_DESKTOP=''
GNOME1_FALSE=''
GNOME1_TRUE='#'
GNOME2_FALSE=''
GNOME2_TRUE='#'
GNOME_CONFIG='none'
GREP='/usr/bin/grep'
HAS_RELATIVE_LOCALEDIR='1'
ICONDIR=''
IMAGE_FILES=''
INCLUDEDINTL_FALSE=''
INCLUDEDINTL_TRUE='#'
INSTALLDATA_FALSE='#'
INSTALLDATA_TRUE=''
INSTALL_DATA='${INSTALL} -m 644'
INSTALL_PROGRAM='${INSTALL}'
INSTALL_SCRIPT='${INSTALL}'
INSTALL_STRIP_PROGRAM='$(install_sh) -c -s'
INTLLIBS=''
INTL_MACOSX_LIBS=''
KDE_CONFIG='none'
KDE_DESKTOP=''
KDE_FALSE=''
KDE_ICON=''
KDE_TRUE='#'
LDFLAGS=''
LDPREFIX=''
LIBICONV='/e/usr/local/amiga/m68k-amigaos/lib/libiconv.a'
LIBINTL=''
LIBOBJS=' ${LIBOBJDIR}error$U.o ${LIBOBJDIR}lstat$U.o ${LIBOBJDIR}stat$U.o'
LIBPNG_FALSE='#'
LIBPNG_TRUE=''
LIBS=''
LIBZIPIOS=''
LITE_FALSE=''
LITE_TRUE='#'
LOCALEDIR='translations'
LTLIBICONV='-L/e/usr/local/amiga/m68k-amigaos/lib -liconv'
LTLIBINTL=''
LTLIBOBJS=' ${LIBOBJDIR}error$U.lo ${LIBOBJDIR}lstat$U.lo ${LIBOBJDIR}stat$U.lo'
LTOOL='/usr/bin/libtool'
MAKEINFO='makeinfo'
MKDIR_P='/usr/bin/mkdir -p'
MKINSTALLDIRS='$(top_builddir)/config/mkinstalldirs'
MSGFMT='/usr/bin/msgfmt'
MSGMERGE='/usr/bin/msgmerge'
MUSIC_FILES=''
OBJEXT='o'
PACKAGE='wesnoth'
PACKAGE_BUGREPORT='davidnwhite@verizon.net'
PACKAGE_NAME='Battle for Wesnoth'
PACKAGE_STRING='Battle for Wesnoth 1.0.2'
PACKAGE_TARNAME='wesnoth'
PACKAGE_URL=''
PACKAGE_VERSION='1.0.2'
PATH_SEPARATOR=':'
PKG_CONFIG='/usr/bin/pkg-config'
PNG_CFLAGS='-I/mingw64/include/libpng16'
PNG_CONFIG='/d/dev/msys64/mingw64/bin/libpng-config'
PNG_LIBS='-lpng16'
POSUB=''
RANLIB='m68k-amigaos-ranlib'
SDL_CFLAGS='-I/d/amiga-gcc2/include -I/d/amiga-gcc2/include -I/d/amiga-gcc2/m68k-amigaos/include/ -I/d/amiga-gcc2/m68k-amigaos/sys-include -I/d/amiga-gcc2/include/sdl -I/d/amiga-gcc2/sys-include'
SDL_CONFIG='/d/amiga-gcc2/m68k-amigaos/bin/sdl-config'
SDL_IMAGE_LIBS='-lSDL_image'
SDL_LIBS='-L/d/amiga-gcc2/lib -L/d/amiga-gcc2/lib/ogg/new -lSDL_Mixer -lvorbisfile -lvorbis -logg -lsdl_image -ljpeg -lpng -lz -lm -lSDL -lsocket -lintl -ldebug'
SDL_MIXER_LIBS='-lSDL_mixer'
SDL_NET_LIBS='-lSDL_net'
SERVER_FALSE=''
SERVER_TRUE='#'
SET_MAKE=''
SHELL='/bin/sh'
SOUND_FILES=''
STATIC_FALSE=''
STATIC_TRUE='#'
STRIP='m68k-amigaos-strip'
TINYGUI_FALSE=''
TINYGUI_TRUE='#'
TOOLS_FALSE=''
TOOLS_TRUE='#'
USE_NLS='no'
VERSION='1.0.2'
X11_FALSE=''
X11_TRUE='#'
XGETTEXT='/usr/bin/xgettext'
XMKMF=''
X_CFLAGS=''
X_EXTRA_LIBS=''
X_LIBS=''
X_PRE_LIBS=''
ac_ct_CC=''
ac_ct_CXX=''
am__EXEEXT_FALSE=''
am__EXEEXT_TRUE='#'
am__fastdepCC_FALSE='#'
am__fastdepCC_TRUE=''
am__fastdepCXX_FALSE='#'
am__fastdepCXX_TRUE=''
am__include='include'
am__isrc=''
am__leading_dot='.'
am__nodep='_no'
am__quote=''
am__tar='tar --format=ustar -chf - "$$tardir"'
am__untar='tar -xf -'
bindir='${exec_prefix}/bin'
build='x86_64-pc-cygwin'
build_alias='x86_64-pc-cygwin'
build_cpu='x86_64'
build_os='cygwin'
build_vendor='pc'
datadir='${datarootdir}'
datarootdir='${prefix}/share'
docdir='${datarootdir}/doc/${PACKAGE_TARNAME}'
dvidir='${docdir}'
exec_prefix='${prefix}'
fifodir='${prefix}/var/run/wesnothd'
host='m68k-unknown-amigaos'
host_alias='m68k-amigaos'
host_cpu='m68k'
host_os='amigaos'
host_vendor='unknown'
htmldir='${docdir}'
includedir='${prefix}/include'
infodir='${datarootdir}/info'
install_sh='${SHELL} /d/dev/wesnoth-gcc4/config/install-sh'
libdir='${exec_prefix}/lib'
libexecdir='${exec_prefix}/libexec'
localedir='${datarootdir}/locale'
localstatedir='${prefix}/var'
mandir='${datarootdir}/man'
mkdir_p='$(MKDIR_P)'
oldincludedir='/usr/include'
pdfdir='${docdir}'
prefix='/e/usr/local/amiga/m68k-amigaos'
program_transform_name='s&^&m68k-amigaos-&'
psdir='${docdir}'
sbindir='${exec_prefix}/sbin'
servergid='0'
serveruid='0'
sharedstatedir='${prefix}/com'
sysconfdir='${prefix}/etc'
target='m68k-unknown-amigaos'
target_alias='m68k-amigaos'
target_cpu='m68k'
target_os='amigaos'
target_vendor='unknown'

## ----------- ##
## confdefs.h. ##
## ----------- ##

/* confdefs.h */
#define PACKAGE_NAME "Battle for Wesnoth"
#define PACKAGE_TARNAME "wesnoth"
#define PACKAGE_VERSION "1.0.2"
#define PACKAGE_STRING "Battle for Wesnoth 1.0.2"
#define PACKAGE_BUGREPORT "davidnwhite@verizon.net"
#define PACKAGE_URL ""
#define WESNOTH_DEFAULT_SERVER "server.wesnoth.org"
#define PACKAGE "wesnoth"
#define VERSION "1.0.2"
#define HAVE_ICONV 1
#define X_DISPLAY_MISSING 1
#define HAVE_DIRENT_H 1
#define STDC_HEADERS 1
#define HAVE_SYS_TYPES_H 1
#define HAVE_SYS_STAT_H 1
#define HAVE_STDLIB_H 1
#define HAVE_STRING_H 1
#define HAVE_MEMORY_H 1
#define HAVE_STRINGS_H 1
#define HAVE_INTTYPES_H 1
#define HAVE_STDINT_H 1
#define HAVE_UNISTD_H 1
#define HAVE_STDLIB_H 1
#define HAVE_UNISTD_H 1
#define HAVE_POLL_H 1
#define HAVE_SYS_POLL_H 1
#define HAVE_SYS_SELECT_H 1
#define HAVE_STDBOOL_H 1
#define HAVE_STAT_EMPTY_STRING_BUG 1
#define HAVE_STRFTIME 1
#define HAVE_FLOOR 1
#define HAVE_STRTOUL 1

configure: exit 0
